[ 2019-04-30T17:20:35+08:00 ] 127.0.0.1 /
INFO: [ app_init ] --START--
INFO: Run Behavior\BuildLiteBehavior [ RunTime:0.000000s ]
INFO: [ app_init ] --END-- [ RunTime:0.000000s ]
INFO: [ app_begin ] --START--
INFO: Run Behavior\ReadHtmlCacheBehavior [ RunTime:0.000000s ]
INFO: [ app_begin ] --END-- [ RunTime:0.001000s ]

[ 2019-04-30T17:20:35+08:00 ] 127.0.0.1 /index.php?s=/Home/public/login.html
INFO: [ app_init ] --START--
INFO: Run Behavior\BuildLiteBehavior [ RunTime:0.000000s ]
INFO: [ app_init ] --END-- [ RunTime:0.001000s ]
INFO: [ app_begin ] --START--
INFO: Run Behavior\ReadHtmlCacheBehavior [ RunTime:0.000000s ]
INFO: [ app_begin ] --END-- [ RunTime:0.000000s ]
INFO: [ view_parse ] --START--
INFO: [ template_filter ] --START--
INFO: Run Behavior\ContentReplaceBehavior [ RunTime:0.000000s ]
INFO: [ template_filter ] --END-- [ RunTime:0.000000s ]
INFO: Run Behavior\ParseTemplateBehavior [ RunTime:0.011000s ]
INFO: [ view_parse ] --END-- [ RunTime:0.011000s ]
INFO: [ view_filter ] --START--
INFO: Run Behavior\WriteHtmlCacheBehavior [ RunTime:0.001000s ]
INFO: [ view_filter ] --END-- [ RunTime:0.001000s ]
INFO: [ app_end ] --START--
INFO: Run Behavior\ShowPageTraceBehavior [ RunTime:0.001000s ]
INFO: [ app_end ] --END-- [ RunTime:0.001000s ]

[ 2019-04-30T17:20:41+08:00 ] 127.0.0.1 /index.php?s=/Home/Public/Login.html
INFO: [ app_init ] --START--
INFO: Run Behavior\BuildLiteBehavior [ RunTime:0.000000s ]
INFO: [ app_init ] --END-- [ RunTime:0.000000s ]
INFO: [ app_begin ] --START--
INFO: Run Behavior\ReadHtmlCacheBehavior [ RunTime:0.000000s ]
INFO: [ app_begin ] --END-- [ RunTime:0.000000s ]
SQL: SHOW COLUMNS FROM `xy_user` [ RunTime:0.0030s ]
SQL: SELECT COUNT(*) AS tp_count FROM `xy_user` WHERE `username` = 'admin' AND `status` = 1 LIMIT 1   [ RunTime:0.0000s ]
SQL: SELECT * FROM `xy_user` WHERE `username` = 'admin' LIMIT 1   [ RunTime:0.0010s ]
INFO: [ view_parse ] --START--
INFO: [ template_filter ] --START--
INFO: Run Behavior\ContentReplaceBehavior [ RunTime:0.000000s ]
INFO: [ template_filter ] --END-- [ RunTime:0.000000s ]
INFO: Run Behavior\ParseTemplateBehavior [ RunTime:0.004000s ]
INFO: [ view_parse ] --END-- [ RunTime:0.004000s ]
INFO: [ view_filter ] --START--
INFO: Run Behavior\WriteHtmlCacheBehavior [ RunTime:0.000000s ]
INFO: [ view_filter ] --END-- [ RunTime:0.000000s ]

[ 2019-04-30T17:20:50+08:00 ] 127.0.0.1 /index.php?s=/Home/Public/Login.html
INFO: [ app_init ] --START--
INFO: Run Behavior\BuildLiteBehavior [ RunTime:0.000000s ]
INFO: [ app_init ] --END-- [ RunTime:0.001000s ]
INFO: [ app_begin ] --START--
INFO: Run Behavior\ReadHtmlCacheBehavior [ RunTime:0.001000s ]
INFO: [ app_begin ] --END-- [ RunTime:0.001000s ]
SQL: SHOW COLUMNS FROM `xy_user` [ RunTime:0.0030s ]
SQL: SELECT COUNT(*) AS tp_count FROM `xy_user` WHERE `username` = 'admin' AND `status` = 1 LIMIT 1   [ RunTime:0.0010s ]
SQL: SELECT * FROM `xy_user` WHERE `username` = 'admin' LIMIT 1   [ RunTime:0.0000s ]
INFO: [ view_parse ] --START--
INFO: [ template_filter ] --START--
INFO: Run Behavior\ContentReplaceBehavior [ RunTime:0.000000s ]
INFO: [ template_filter ] --END-- [ RunTime:0.001000s ]
INFO: Run Behavior\ParseTemplateBehavior [ RunTime:0.003000s ]
INFO: [ view_parse ] --END-- [ RunTime:0.003000s ]
INFO: [ view_filter ] --START--
INFO: Run Behavior\WriteHtmlCacheBehavior [ RunTime:0.000000s ]
INFO: [ view_filter ] --END-- [ RunTime:0.000000s ]

[ 2019-04-30T17:20:56+08:00 ] 127.0.0.1 /index.php?s=/Home/Public/Login.html
INFO: [ app_init ] --START--
INFO: Run Behavior\BuildLiteBehavior [ RunTime:0.000000s ]
INFO: [ app_init ] --END-- [ RunTime:0.000000s ]
INFO: [ app_begin ] --START--
INFO: Run Behavior\ReadHtmlCacheBehavior [ RunTime:0.001000s ]
INFO: [ app_begin ] --END-- [ RunTime:0.001000s ]
SQL: SHOW COLUMNS FROM `xy_user` [ RunTime:0.0020s ]
SQL: SELECT COUNT(*) AS tp_count FROM `xy_user` WHERE `username` = 'admin' AND `status` = 1 LIMIT 1   [ RunTime:0.0010s ]
SQL: SELECT * FROM `xy_user` WHERE `username` = 'admin' LIMIT 1   [ RunTime:0.0000s ]
SQL: UPDATE `xy_user` SET `logintime`='2019-04-30 17:20:56',`loginip`='127.0.0.1',`logins`=logins+1,`update_time`='1556616056' WHERE `id` = 1 [ RunTime:0.0010s ]
SQL: SHOW COLUMNS FROM `xy_log` [ RunTime:0.0040s ]
SQL: INSERT INTO `xy_log` (`username`,`content`,`os`,`url`,`addtime`,`ip`) VALUES ('admin','登录成功！','Mozilla/5.0 (Windows NT 6.1; WOW64) AppleWebKit/537.36 (KHTML, like Gecko) Chrome/72.0.3626.121 Safari/537.36','/index.php?s=/Home/Public/Login.html','2019-04-30 17:20:56','127.0.0.1') [ RunTime:0.0000s ]

[ 2019-04-30T17:20:57+08:00 ] 127.0.0.1 /
INFO: [ app_init ] --START--
INFO: Run Behavior\BuildLiteBehavior [ RunTime:0.000000s ]
INFO: [ app_init ] --END-- [ RunTime:0.000000s ]
INFO: [ app_begin ] --START--
INFO: Run Behavior\ReadHtmlCacheBehavior [ RunTime:0.000000s ]
INFO: [ app_begin ] --END-- [ RunTime:0.000000s ]
SQL: SHOW COLUMNS FROM `xy_user` [ RunTime:0.0020s ]
SQL: SELECT * FROM `xy_user` WHERE `id` = 1 LIMIT 1   [ RunTime:0.0000s ]
INFO: [ view_parse ] --START--
INFO: [ template_filter ] --START--
INFO: Run Behavior\ContentReplaceBehavior [ RunTime:0.000000s ]
INFO: [ template_filter ] --END-- [ RunTime:0.000000s ]
SQL: SELECT COUNT(*) AS tp_count FROM `xy_user` WHERE `update_time` > 1556615456 LIMIT 1   [ RunTime:0.0000s ]
SQL: SHOW COLUMNS FROM `xy_msg` [ RunTime:0.0030s ]
SQL: SELECT COUNT(*) AS tp_count FROM `xy_msg` WHERE `viewtime` < '2000-01-01' AND `juid` = '1' LIMIT 1   [ RunTime:0.0000s ]
SQL: SHOW COLUMNS FROM `xy_menu` [ RunTime:0.0030s ]
SQL: SELECT * FROM `xy_menu` WHERE ( level=0 ) ORDER BY sort  [ RunTime:0.0010s ]
NOTIC: [8] Use of undefined constant alink - assumed 'alink' D:\phpstudy\PHPTutorial\WWW\X-CRM3\X-CRM3\App\Runtime\Cache\Home\00e52909bed743ea261af4b6823297ff.php 第 234 行.
SQL: SELECT * FROM `xy_menu` WHERE ( level=1 and pid=160 ) ORDER BY sort  [ RunTime:0.0000s ]
NOTIC: [8] Use of undefined constant alink - assumed 'alink' D:\phpstudy\PHPTutorial\WWW\X-CRM3\X-CRM3\App\Runtime\Cache\Home\00e52909bed743ea261af4b6823297ff.php 第 250 行.
NOTIC: [8] Use of undefined constant id - assumed 'id' D:\phpstudy\PHPTutorial\WWW\X-CRM3\X-CRM3\App\Runtime\Cache\Home\00e52909bed743ea261af4b6823297ff.php 第 250 行.
SQL: SELECT COUNT(id) AS tp_count FROM `xy_menu` WHERE ( level=2 and pid=161 ) LIMIT 1   [ RunTime:0.0000s ]
SQL: SELECT * FROM `xy_menu` WHERE ( level=2 and pid=161 ) ORDER BY sort  [ RunTime:0.0000s ]
NOTIC: [8] Use of undefined constant alink - assumed 'alink' D:\phpstudy\PHPTutorial\WWW\X-CRM3\X-CRM3\App\Runtime\Cache\Home\00e52909bed743ea261af4b6823297ff.php 第 250 行.
NOTIC: [8] Use of undefined constant id - assumed 'id' D:\phpstudy\PHPTutorial\WWW\X-CRM3\X-CRM3\App\Runtime\Cache\Home\00e52909bed743ea261af4b6823297ff.php 第 250 行.
SQL: SELECT COUNT(id) AS tp_count FROM `xy_menu` WHERE ( level=2 and pid=162 ) LIMIT 1   [ RunTime:0.0000s ]
SQL: SELECT * FROM `xy_menu` WHERE ( level=2 and pid=162 ) ORDER BY sort  [ RunTime:0.0000s ]
NOTIC: [8] Use of undefined constant alink - assumed 'alink' D:\phpstudy\PHPTutorial\WWW\X-CRM3\X-CRM3\App\Runtime\Cache\Home\00e52909bed743ea261af4b6823297ff.php 第 250 行.
NOTIC: [8] Use of undefined constant id - assumed 'id' D:\phpstudy\PHPTutorial\WWW\X-CRM3\X-CRM3\App\Runtime\Cache\Home\00e52909bed743ea261af4b6823297ff.php 第 250 行.
SQL: SELECT COUNT(id) AS tp_count FROM `xy_menu` WHERE ( level=2 and pid=163 ) LIMIT 1   [ RunTime:0.0000s ]
SQL: SELECT * FROM `xy_menu` WHERE ( level=2 and pid=163 ) ORDER BY sort  [ RunTime:0.0000s ]
NOTIC: [8] Use of undefined constant alink - assumed 'alink' D:\phpstudy\PHPTutorial\WWW\X-CRM3\X-CRM3\App\Runtime\Cache\Home\00e52909bed743ea261af4b6823297ff.php 第 250 行.
NOTIC: [8] Use of undefined constant id - assumed 'id' D:\phpstudy\PHPTutorial\WWW\X-CRM3\X-CRM3\App\Runtime\Cache\Home\00e52909bed743ea261af4b6823297ff.php 第 250 行.
SQL: SELECT COUNT(id) AS tp_count FROM `xy_menu` WHERE ( level=2 and pid=164 ) LIMIT 1   [ RunTime:0.0000s ]
SQL: SELECT * FROM `xy_menu` WHERE ( level=2 and pid=164 ) ORDER BY sort  [ RunTime:0.0010s ]
NOTIC: [8] Use of undefined constant alink - assumed 'alink' D:\phpstudy\PHPTutorial\WWW\X-CRM3\X-CRM3\App\Runtime\Cache\Home\00e52909bed743ea261af4b6823297ff.php 第 250 行.
NOTIC: [8] Use of undefined constant id - assumed 'id' D:\phpstudy\PHPTutorial\WWW\X-CRM3\X-CRM3\App\Runtime\Cache\Home\00e52909bed743ea261af4b6823297ff.php 第 250 行.
SQL: SELECT COUNT(id) AS tp_count FROM `xy_menu` WHERE ( level=2 and pid=165 ) LIMIT 1   [ RunTime:0.0000s ]
SQL: SELECT * FROM `xy_menu` WHERE ( level=2 and pid=165 ) ORDER BY sort  [ RunTime:0.0000s ]
NOTIC: [8] Use of undefined constant alink - assumed 'alink' D:\phpstudy\PHPTutorial\WWW\X-CRM3\X-CRM3\App\Runtime\Cache\Home\00e52909bed743ea261af4b6823297ff.php 第 250 行.
NOTIC: [8] Use of undefined constant id - assumed 'id' D:\phpstudy\PHPTutorial\WWW\X-CRM3\X-CRM3\App\Runtime\Cache\Home\00e52909bed743ea261af4b6823297ff.php 第 250 行.
SQL: SELECT COUNT(id) AS tp_count FROM `xy_menu` WHERE ( level=2 and pid=166 ) LIMIT 1   [ RunTime:0.0000s ]
SQL: SELECT * FROM `xy_menu` WHERE ( level=2 and pid=166 ) ORDER BY sort  [ RunTime:0.0000s ]
NOTIC: [8] Use of undefined constant alink - assumed 'alink' D:\phpstudy\PHPTutorial\WWW\X-CRM3\X-CRM3\App\Runtime\Cache\Home\00e52909bed743ea261af4b6823297ff.php 第 250 行.
NOTIC: [8] Use of undefined constant id - assumed 'id' D:\phpstudy\PHPTutorial\WWW\X-CRM3\X-CRM3\App\Runtime\Cache\Home\00e52909bed743ea261af4b6823297ff.php 第 250 行.
SQL: SELECT COUNT(id) AS tp_count FROM `xy_menu` WHERE ( level=2 and pid=168 ) LIMIT 1   [ RunTime:0.0000s ]
SQL: SELECT * FROM `xy_menu` WHERE ( level=2 and pid=168 ) ORDER BY sort  [ RunTime:0.0010s ]
NOTIC: [8] Use of undefined constant alink - assumed 'alink' D:\phpstudy\PHPTutorial\WWW\X-CRM3\X-CRM3\App\Runtime\Cache\Home\00e52909bed743ea261af4b6823297ff.php 第 255 行.
NOTIC: [8] Use of undefined constant alink - assumed 'alink' D:\phpstudy\PHPTutorial\WWW\X-CRM3\X-CRM3\App\Runtime\Cache\Home\00e52909bed743ea261af4b6823297ff.php 第 255 行.
NOTIC: [8] Use of undefined constant alink - assumed 'alink' D:\phpstudy\PHPTutorial\WWW\X-CRM3\X-CRM3\App\Runtime\Cache\Home\00e52909bed743ea261af4b6823297ff.php 第 255 行.
NOTIC: [8] Use of undefined constant alink - assumed 'alink' D:\phpstudy\PHPTutorial\WWW\X-CRM3\X-CRM3\App\Runtime\Cache\Home\00e52909bed743ea261af4b6823297ff.php 第 250 行.
NOTIC: [8] Use of undefined constant id - assumed 'id' D:\phpstudy\PHPTutorial\WWW\X-CRM3\X-CRM3\App\Runtime\Cache\Home\00e52909bed743ea261af4b6823297ff.php 第 250 行.
SQL: SELECT COUNT(id) AS tp_count FROM `xy_menu` WHERE ( level=2 and pid=172 ) LIMIT 1   [ RunTime:0.0000s ]
SQL: SELECT * FROM `xy_menu` WHERE ( level=2 and pid=172 ) ORDER BY sort  [ RunTime:0.0000s ]
NOTIC: [8] Use of undefined constant alink - assumed 'alink' D:\phpstudy\PHPTutorial\WWW\X-CRM3\X-CRM3\App\Runtime\Cache\Home\00e52909bed743ea261af4b6823297ff.php 第 255 行.
NOTIC: [8] Use of undefined constant alink - assumed 'alink' D:\phpstudy\PHPTutorial\WWW\X-CRM3\X-CRM3\App\Runtime\Cache\Home\00e52909bed743ea261af4b6823297ff.php 第 255 行.
NOTIC: [8] Use of undefined constant alink - assumed 'alink' D:\phpstudy\PHPTutorial\WWW\X-CRM3\X-CRM3\App\Runtime\Cache\Home\00e52909bed743ea261af4b6823297ff.php 第 250 行.
NOTIC: [8] Use of undefined constant id - assumed 'id' D:\phpstudy\PHPTutorial\WWW\X-CRM3\X-CRM3\App\Runtime\Cache\Home\00e52909bed743ea261af4b6823297ff.php 第 250 行.
SQL: SELECT COUNT(id) AS tp_count FROM `xy_menu` WHERE ( level=2 and pid=175 ) LIMIT 1   [ RunTime:0.0000s ]
SQL: SELECT * FROM `xy_menu` WHERE ( level=2 and pid=175 ) ORDER BY sort  [ RunTime:0.0000s ]
NOTIC: [8] Use of undefined constant alink - assumed 'alink' D:\phpstudy\PHPTutorial\WWW\X-CRM3\X-CRM3\App\Runtime\Cache\Home\00e52909bed743ea261af4b6823297ff.php 第 255 行.
NOTIC: [8] Use of undefined constant alink - assumed 'alink' D:\phpstudy\PHPTutorial\WWW\X-CRM3\X-CRM3\App\Runtime\Cache\Home\00e52909bed743ea261af4b6823297ff.php 第 255 行.
NOTIC: [8] Use of undefined constant alink - assumed 'alink' D:\phpstudy\PHPTutorial\WWW\X-CRM3\X-CRM3\App\Runtime\Cache\Home\00e52909bed743ea261af4b6823297ff.php 第 255 行.
NOTIC: [8] Use of undefined constant alink - assumed 'alink' D:\phpstudy\PHPTutorial\WWW\X-CRM3\X-CRM3\App\Runtime\Cache\Home\00e52909bed743ea261af4b6823297ff.php 第 234 行.
SQL: SELECT * FROM `xy_menu` WHERE ( level=1 and pid=1 ) ORDER BY sort  [ RunTime:0.0000s ]
NOTIC: [8] Use of undefined constant alink - assumed 'alink' D:\phpstudy\PHPTutorial\WWW\X-CRM3\X-CRM3\App\Runtime\Cache\Home\00e52909bed743ea261af4b6823297ff.php 第 250 行.
NOTIC: [8] Use of undefined constant id - assumed 'id' D:\phpstudy\PHPTutorial\WWW\X-CRM3\X-CRM3\App\Runtime\Cache\Home\00e52909bed743ea261af4b6823297ff.php 第 250 行.
SQL: SELECT COUNT(id) AS tp_count FROM `xy_menu` WHERE ( level=2 and pid=119 ) LIMIT 1   [ RunTime:0.0000s ]
SQL: SELECT * FROM `xy_menu` WHERE ( level=2 and pid=119 ) ORDER BY sort  [ RunTime:0.0000s ]
NOTIC: [8] Use of undefined constant alink - assumed 'alink' D:\phpstudy\PHPTutorial\WWW\X-CRM3\X-CRM3\App\Runtime\Cache\Home\00e52909bed743ea261af4b6823297ff.php 第 255 行.
NOTIC: [8] Use of undefined constant alink - assumed 'alink' D:\phpstudy\PHPTutorial\WWW\X-CRM3\X-CRM3\App\Runtime\Cache\Home\00e52909bed743ea261af4b6823297ff.php 第 255 行.
NOTIC: [8] Use of undefined constant alink - assumed 'alink' D:\phpstudy\PHPTutorial\WWW\X-CRM3\X-CRM3\App\Runtime\Cache\Home\00e52909bed743ea261af4b6823297ff.php 第 255 行.
NOTIC: [8] Use of undefined constant alink - assumed 'alink' D:\phpstudy\PHPTutorial\WWW\X-CRM3\X-CRM3\App\Runtime\Cache\Home\00e52909bed743ea261af4b6823297ff.php 第 255 行.
NOTIC: [8] Use of undefined constant alink - assumed 'alink' D:\phpstudy\PHPTutorial\WWW\X-CRM3\X-CRM3\App\Runtime\Cache\Home\00e52909bed743ea261af4b6823297ff.php 第 250 行.
NOTIC: [8] Use of undefined constant id - assumed 'id' D:\phpstudy\PHPTutorial\WWW\X-CRM3\X-CRM3\App\Runtime\Cache\Home\00e52909bed743ea261af4b6823297ff.php 第 250 行.
SQL: SELECT COUNT(id) AS tp_count FROM `xy_menu` WHERE ( level=2 and pid=8 ) LIMIT 1   [ RunTime:0.0000s ]
SQL: SELECT * FROM `xy_menu` WHERE ( level=2 and pid=8 ) ORDER BY sort  [ RunTime:0.0000s ]
NOTIC: [8] Use of undefined constant alink - assumed 'alink' D:\phpstudy\PHPTutorial\WWW\X-CRM3\X-CRM3\App\Runtime\Cache\Home\00e52909bed743ea261af4b6823297ff.php 第 255 行.
NOTIC: [8] Use of undefined constant alink - assumed 'alink' D:\phpstudy\PHPTutorial\WWW\X-CRM3\X-CRM3\App\Runtime\Cache\Home\00e52909bed743ea261af4b6823297ff.php 第 255 行.
NOTIC: [8] Use of undefined constant alink - assumed 'alink' D:\phpstudy\PHPTutorial\WWW\X-CRM3\X-CRM3\App\Runtime\Cache\Home\00e52909bed743ea261af4b6823297ff.php 第 255 行.
NOTIC: [8] Use of undefined constant alink - assumed 'alink' D:\phpstudy\PHPTutorial\WWW\X-CRM3\X-CRM3\App\Runtime\Cache\Home\00e52909bed743ea261af4b6823297ff.php 第 255 行.
NOTIC: [8] Use of undefined constant alink - assumed 'alink' D:\phpstudy\PHPTutorial\WWW\X-CRM3\X-CRM3\App\Runtime\Cache\Home\00e52909bed743ea261af4b6823297ff.php 第 255 行.
NOTIC: [8] Use of undefined constant alink - assumed 'alink' D:\phpstudy\PHPTutorial\WWW\X-CRM3\X-CRM3\App\Runtime\Cache\Home\00e52909bed743ea261af4b6823297ff.php 第 250 行.
NOTIC: [8] Use of undefined constant id - assumed 'id' D:\phpstudy\PHPTutorial\WWW\X-CRM3\X-CRM3\App\Runtime\Cache\Home\00e52909bed743ea261af4b6823297ff.php 第 250 行.
SQL: SELECT COUNT(id) AS tp_count FROM `xy_menu` WHERE ( level=2 and pid=125 ) LIMIT 1   [ RunTime:0.0000s ]
SQL: SELECT * FROM `xy_menu` WHERE ( level=2 and pid=125 ) ORDER BY sort  [ RunTime:0.0000s ]
NOTIC: [8] Use of undefined constant alink - assumed 'alink' D:\phpstudy\PHPTutorial\WWW\X-CRM3\X-CRM3\App\Runtime\Cache\Home\00e52909bed743ea261af4b6823297ff.php 第 255 行.
NOTIC: [8] Use of undefined constant alink - assumed 'alink' D:\phpstudy\PHPTutorial\WWW\X-CRM3\X-CRM3\App\Runtime\Cache\Home\00e52909bed743ea261af4b6823297ff.php 第 255 行.
NOTIC: [8] Use of undefined constant alink - assumed 'alink' D:\phpstudy\PHPTutorial\WWW\X-CRM3\X-CRM3\App\Runtime\Cache\Home\00e52909bed743ea261af4b6823297ff.php 第 255 行.
NOTIC: [8] Use of undefined constant alink - assumed 'alink' D:\phpstudy\PHPTutorial\WWW\X-CRM3\X-CRM3\App\Runtime\Cache\Home\00e52909bed743ea261af4b6823297ff.php 第 255 行.
NOTIC: [8] Use of undefined constant alink - assumed 'alink' D:\phpstudy\PHPTutorial\WWW\X-CRM3\X-CRM3\App\Runtime\Cache\Home\00e52909bed743ea261af4b6823297ff.php 第 255 行.
NOTIC: [8] Use of undefined constant alink - assumed 'alink' D:\phpstudy\PHPTutorial\WWW\X-CRM3\X-CRM3\App\Runtime\Cache\Home\00e52909bed743ea261af4b6823297ff.php 第 250 行.
NOTIC: [8] Use of undefined constant id - assumed 'id' D:\phpstudy\PHPTutorial\WWW\X-CRM3\X-CRM3\App\Runtime\Cache\Home\00e52909bed743ea261af4b6823297ff.php 第 250 行.
SQL: SELECT COUNT(id) AS tp_count FROM `xy_menu` WHERE ( level=2 and pid=131 ) LIMIT 1   [ RunTime:0.0000s ]
SQL: SELECT * FROM `xy_menu` WHERE ( level=2 and pid=131 ) ORDER BY sort  [ RunTime:0.0000s ]
NOTIC: [8] Use of undefined constant alink - assumed 'alink' D:\phpstudy\PHPTutorial\WWW\X-CRM3\X-CRM3\App\Runtime\Cache\Home\00e52909bed743ea261af4b6823297ff.php 第 255 行.
NOTIC: [8] Use of undefined constant alink - assumed 'alink' D:\phpstudy\PHPTutorial\WWW\X-CRM3\X-CRM3\App\Runtime\Cache\Home\00e52909bed743ea261af4b6823297ff.php 第 255 行.
NOTIC: [8] Use of undefined constant alink - assumed 'alink' D:\phpstudy\PHPTutorial\WWW\X-CRM3\X-CRM3\App\Runtime\Cache\Home\00e52909bed743ea261af4b6823297ff.php 第 255 行.
NOTIC: [8] Use of undefined constant alink - assumed 'alink' D:\phpstudy\PHPTutorial\WWW\X-CRM3\X-CRM3\App\Runtime\Cache\Home\00e52909bed743ea261af4b6823297ff.php 第 255 行.
NOTIC: [8] Use of undefined constant alink - assumed 'alink' D:\phpstudy\PHPTutorial\WWW\X-CRM3\X-CRM3\App\Runtime\Cache\Home\00e52909bed743ea261af4b6823297ff.php 第 234 行.
SQL: SELECT * FROM `xy_menu` WHERE ( level=1 and pid=135 ) ORDER BY sort  [ RunTime:0.0010s ]
NOTIC: [8] Use of undefined constant alink - assumed 'alink' D:\phpstudy\PHPTutorial\WWW\X-CRM3\X-CRM3\App\Runtime\Cache\Home\00e52909bed743ea261af4b6823297ff.php 第 250 行.
NOTIC: [8] Use of undefined constant id - assumed 'id' D:\phpstudy\PHPTutorial\WWW\X-CRM3\X-CRM3\App\Runtime\Cache\Home\00e52909bed743ea261af4b6823297ff.php 第 250 行.
SQL: SELECT COUNT(id) AS tp_count FROM `xy_menu` WHERE ( level=2 and pid=158 ) LIMIT 1   [ RunTime:0.0000s ]
SQL: SELECT * FROM `xy_menu` WHERE ( level=2 and pid=158 ) ORDER BY sort  [ RunTime:0.0000s ]
NOTIC: [8] Use of undefined constant alink - assumed 'alink' D:\phpstudy\PHPTutorial\WWW\X-CRM3\X-CRM3\App\Runtime\Cache\Home\00e52909bed743ea261af4b6823297ff.php 第 250 行.
NOTIC: [8] Use of undefined constant id - assumed 'id' D:\phpstudy\PHPTutorial\WWW\X-CRM3\X-CRM3\App\Runtime\Cache\Home\00e52909bed743ea261af4b6823297ff.php 第 250 行.
SQL: SELECT COUNT(id) AS tp_count FROM `xy_menu` WHERE ( level=2 and pid=136 ) LIMIT 1   [ RunTime:0.0000s ]
SQL: SELECT * FROM `xy_menu` WHERE ( level=2 and pid=136 ) ORDER BY sort  [ RunTime:0.0000s ]
NOTIC: [8] Use of undefined constant alink - assumed 'alink' D:\phpstudy\PHPTutorial\WWW\X-CRM3\X-CRM3\App\Runtime\Cache\Home\00e52909bed743ea261af4b6823297ff.php 第 255 行.
NOTIC: [8] Use of undefined constant alink - assumed 'alink' D:\phpstudy\PHPTutorial\WWW\X-CRM3\X-CRM3\App\Runtime\Cache\Home\00e52909bed743ea261af4b6823297ff.php 第 255 行.
NOTIC: [8] Use of undefined constant alink - assumed 'alink' D:\phpstudy\PHPTutorial\WWW\X-CRM3\X-CRM3\App\Runtime\Cache\Home\00e52909bed743ea261af4b6823297ff.php 第 255 行.
NOTIC: [8] Use of undefined constant alink - assumed 'alink' D:\phpstudy\PHPTutorial\WWW\X-CRM3\X-CRM3\App\Runtime\Cache\Home\00e52909bed743ea261af4b6823297ff.php 第 255 行.
NOTIC: [8] Use of undefined constant alink - assumed 'alink' D:\phpstudy\PHPTutorial\WWW\X-CRM3\X-CRM3\App\Runtime\Cache\Home\00e52909bed743ea261af4b6823297ff.php 第 255 行.
NOTIC: [8] Use of undefined constant alink - assumed 'alink' D:\phpstudy\PHPTutorial\WWW\X-CRM3\X-CRM3\App\Runtime\Cache\Home\00e52909bed743ea261af4b6823297ff.php 第 250 行.
NOTIC: [8] Use of undefined constant id - assumed 'id' D:\phpstudy\PHPTutorial\WWW\X-CRM3\X-CRM3\App\Runtime\Cache\Home\00e52909bed743ea261af4b6823297ff.php 第 250 行.
SQL: SELECT COUNT(id) AS tp_count FROM `xy_menu` WHERE ( level=2 and pid=142 ) LIMIT 1   [ RunTime:0.0010s ]
SQL: SELECT * FROM `xy_menu` WHERE ( level=2 and pid=142 ) ORDER BY sort  [ RunTime:0.0000s ]
NOTIC: [8] Use of undefined constant alink - assumed 'alink' D:\phpstudy\PHPTutorial\WWW\X-CRM3\X-CRM3\App\Runtime\Cache\Home\00e52909bed743ea261af4b6823297ff.php 第 255 行.
NOTIC: [8] Use of undefined constant alink - assumed 'alink' D:\phpstudy\PHPTutorial\WWW\X-CRM3\X-CRM3\App\Runtime\Cache\Home\00e52909bed743ea261af4b6823297ff.php 第 255 行.
NOTIC: [8] Use of undefined constant alink - assumed 'alink' D:\phpstudy\PHPTutorial\WWW\X-CRM3\X-CRM3\App\Runtime\Cache\Home\00e52909bed743ea261af4b6823297ff.php 第 255 行.
NOTIC: [8] Use of undefined constant alink - assumed 'alink' D:\phpstudy\PHPTutorial\WWW\X-CRM3\X-CRM3\App\Runtime\Cache\Home\00e52909bed743ea261af4b6823297ff.php 第 255 行.
NOTIC: [8] Use of undefined constant alink - assumed 'alink' D:\phpstudy\PHPTutorial\WWW\X-CRM3\X-CRM3\App\Runtime\Cache\Home\00e52909bed743ea261af4b6823297ff.php 第 250 行.
NOTIC: [8] Use of undefined constant id - assumed 'id' D:\phpstudy\PHPTutorial\WWW\X-CRM3\X-CRM3\App\Runtime\Cache\Home\00e52909bed743ea261af4b6823297ff.php 第 250 行.
SQL: SELECT COUNT(id) AS tp_count FROM `xy_menu` WHERE ( level=2 and pid=159 ) LIMIT 1   [ RunTime:0.0000s ]
SQL: SELECT * FROM `xy_menu` WHERE ( level=2 and pid=159 ) ORDER BY sort  [ RunTime:0.0010s ]
NOTIC: [8] Use of undefined constant alink - assumed 'alink' D:\phpstudy\PHPTutorial\WWW\X-CRM3\X-CRM3\App\Runtime\Cache\Home\00e52909bed743ea261af4b6823297ff.php 第 250 行.
NOTIC: [8] Use of undefined constant id - assumed 'id' D:\phpstudy\PHPTutorial\WWW\X-CRM3\X-CRM3\App\Runtime\Cache\Home\00e52909bed743ea261af4b6823297ff.php 第 250 行.
SQL: SELECT COUNT(id) AS tp_count FROM `xy_menu` WHERE ( level=2 and pid=147 ) LIMIT 1   [ RunTime:0.0000s ]
SQL: SELECT * FROM `xy_menu` WHERE ( level=2 and pid=147 ) ORDER BY sort  [ RunTime:0.0000s ]
NOTIC: [8] Use of undefined constant alink - assumed 'alink' D:\phpstudy\PHPTutorial\WWW\X-CRM3\X-CRM3\App\Runtime\Cache\Home\00e52909bed743ea261af4b6823297ff.php 第 250 行.
NOTIC: [8] Use of undefined constant id - assumed 'id' D:\phpstudy\PHPTutorial\WWW\X-CRM3\X-CRM3\App\Runtime\Cache\Home\00e52909bed743ea261af4b6823297ff.php 第 250 行.
SQL: SELECT COUNT(id) AS tp_count FROM `xy_menu` WHERE ( level=2 and pid=148 ) LIMIT 1   [ RunTime:0.0000s ]
SQL: SELECT * FROM `xy_menu` WHERE ( level=2 and pid=148 ) ORDER BY sort  [ RunTime:0.0000s ]
NOTIC: [8] Use of undefined constant alink - assumed 'alink' D:\phpstudy\PHPTutorial\WWW\X-CRM3\X-CRM3\App\Runtime\Cache\Home\00e52909bed743ea261af4b6823297ff.php 第 234 行.
SQL: SELECT * FROM `xy_menu` WHERE ( level=1 and pid=149 ) ORDER BY sort  [ RunTime:0.0000s ]
NOTIC: [8] Use of undefined constant alink - assumed 'alink' D:\phpstudy\PHPTutorial\WWW\X-CRM3\X-CRM3\App\Runtime\Cache\Home\00e52909bed743ea261af4b6823297ff.php 第 250 行.
NOTIC: [8] Use of undefined constant id - assumed 'id' D:\phpstudy\PHPTutorial\WWW\X-CRM3\X-CRM3\App\Runtime\Cache\Home\00e52909bed743ea261af4b6823297ff.php 第 250 行.
SQL: SELECT COUNT(id) AS tp_count FROM `xy_menu` WHERE ( level=2 and pid=150 ) LIMIT 1   [ RunTime:0.0000s ]
SQL: SELECT * FROM `xy_menu` WHERE ( level=2 and pid=150 ) ORDER BY sort  [ RunTime:0.0000s ]
NOTIC: [8] Use of undefined constant alink - assumed 'alink' D:\phpstudy\PHPTutorial\WWW\X-CRM3\X-CRM3\App\Runtime\Cache\Home\00e52909bed743ea261af4b6823297ff.php 第 255 行.
NOTIC: [8] Use of undefined constant alink - assumed 'alink' D:\phpstudy\PHPTutorial\WWW\X-CRM3\X-CRM3\App\Runtime\Cache\Home\00e52909bed743ea261af4b6823297ff.php 第 255 行.
NOTIC: [8] Use of undefined constant alink - assumed 'alink' D:\phpstudy\PHPTutorial\WWW\X-CRM3\X-CRM3\App\Runtime\Cache\Home\00e52909bed743ea261af4b6823297ff.php 第 255 行.
NOTIC: [8] Use of undefined constant alink - assumed 'alink' D:\phpstudy\PHPTutorial\WWW\X-CRM3\X-CRM3\App\Runtime\Cache\Home\00e52909bed743ea261af4b6823297ff.php 第 250 行.
NOTIC: [8] Use of undefined constant id - assumed 'id' D:\phpstudy\PHPTutorial\WWW\X-CRM3\X-CRM3\App\Runtime\Cache\Home\00e52909bed743ea261af4b6823297ff.php 第 250 行.
SQL: SELECT COUNT(id) AS tp_count FROM `xy_menu` WHERE ( level=2 and pid=154 ) LIMIT 1   [ RunTime:0.0000s ]
SQL: SELECT * FROM `xy_menu` WHERE ( level=2 and pid=154 ) ORDER BY sort  [ RunTime:0.0000s ]
NOTIC: [8] Use of undefined constant alink - assumed 'alink' D:\phpstudy\PHPTutorial\WWW\X-CRM3\X-CRM3\App\Runtime\Cache\Home\00e52909bed743ea261af4b6823297ff.php 第 255 行.
NOTIC: [8] Use of undefined constant alink - assumed 'alink' D:\phpstudy\PHPTutorial\WWW\X-CRM3\X-CRM3\App\Runtime\Cache\Home\00e52909bed743ea261af4b6823297ff.php 第 255 行.
NOTIC: [8] Use of undefined constant alink - assumed 'alink' D:\phpstudy\PHPTutorial\WWW\X-CRM3\X-CRM3\App\Runtime\Cache\Home\00e52909bed743ea261af4b6823297ff.php 第 255 行.
NOTIC: [8] Use of undefined constant alink - assumed 'alink' D:\phpstudy\PHPTutorial\WWW\X-CRM3\X-CRM3\App\Runtime\Cache\Home\00e52909bed743ea261af4b6823297ff.php 第 250 行.
NOTIC: [8] Use of undefined constant id - assumed 'id' D:\phpstudy\PHPTutorial\WWW\X-CRM3\X-CRM3\App\Runtime\Cache\Home\00e52909bed743ea261af4b6823297ff.php 第 250 行.
SQL: SELECT COUNT(id) AS tp_count FROM `xy_menu` WHERE ( level=2 and pid=182 ) LIMIT 1   [ RunTime:0.0000s ]
SQL: SELECT * FROM `xy_menu` WHERE ( level=2 and pid=182 ) ORDER BY sort  [ RunTime:0.0000s ]
NOTIC: [8] Use of undefined constant alink - assumed 'alink' D:\phpstudy\PHPTutorial\WWW\X-CRM3\X-CRM3\App\Runtime\Cache\Home\00e52909bed743ea261af4b6823297ff.php 第 234 行.
SQL: SELECT * FROM `xy_menu` WHERE ( level=1 and pid=113 ) ORDER BY sort  [ RunTime:0.0000s ]
NOTIC: [8] Use of undefined constant alink - assumed 'alink' D:\phpstudy\PHPTutorial\WWW\X-CRM3\X-CRM3\App\Runtime\Cache\Home\00e52909bed743ea261af4b6823297ff.php 第 250 行.
NOTIC: [8] Use of undefined constant id - assumed 'id' D:\phpstudy\PHPTutorial\WWW\X-CRM3\X-CRM3\App\Runtime\Cache\Home\00e52909bed743ea261af4b6823297ff.php 第 250 行.
SQL: SELECT COUNT(id) AS tp_count FROM `xy_menu` WHERE ( level=2 and pid=209 ) LIMIT 1   [ RunTime:0.0000s ]
SQL: SELECT * FROM `xy_menu` WHERE ( level=2 and pid=209 ) ORDER BY sort  [ RunTime:0.0000s ]
NOTIC: [8] Use of undefined constant alink - assumed 'alink' D:\phpstudy\PHPTutorial\WWW\X-CRM3\X-CRM3\App\Runtime\Cache\Home\00e52909bed743ea261af4b6823297ff.php 第 250 行.
NOTIC: [8] Use of undefined constant id - assumed 'id' D:\phpstudy\PHPTutorial\WWW\X-CRM3\X-CRM3\App\Runtime\Cache\Home\00e52909bed743ea261af4b6823297ff.php 第 250 行.
SQL: SELECT COUNT(id) AS tp_count FROM `xy_menu` WHERE ( level=2 and pid=210 ) LIMIT 1   [ RunTime:0.0000s ]
SQL: SELECT * FROM `xy_menu` WHERE ( level=2 and pid=210 ) ORDER BY sort  [ RunTime:0.0000s ]
NOTIC: [8] Use of undefined constant alink - assumed 'alink' D:\phpstudy\PHPTutorial\WWW\X-CRM3\X-CRM3\App\Runtime\Cache\Home\00e52909bed743ea261af4b6823297ff.php 第 250 行.
NOTIC: [8] Use of undefined constant id - assumed 'id' D:\phpstudy\PHPTutorial\WWW\X-CRM3\X-CRM3\App\Runtime\Cache\Home\00e52909bed743ea261af4b6823297ff.php 第 250 行.
SQL: SELECT COUNT(id) AS tp_count FROM `xy_menu` WHERE ( level=2 and pid=199 ) LIMIT 1   [ RunTime:0.0010s ]
SQL: SELECT * FROM `xy_menu` WHERE ( level=2 and pid=199 ) ORDER BY sort  [ RunTime:0.0000s ]
NOTIC: [8] Use of undefined constant alink - assumed 'alink' D:\phpstudy\PHPTutorial\WWW\X-CRM3\X-CRM3\App\Runtime\Cache\Home\00e52909bed743ea261af4b6823297ff.php 第 255 行.
NOTIC: [8] Use of undefined constant alink - assumed 'alink' D:\phpstudy\PHPTutorial\WWW\X-CRM3\X-CRM3\App\Runtime\Cache\Home\00e52909bed743ea261af4b6823297ff.php 第 255 行.
NOTIC: [8] Use of undefined constant alink - assumed 'alink' D:\phpstudy\PHPTutorial\WWW\X-CRM3\X-CRM3\App\Runtime\Cache\Home\00e52909bed743ea261af4b6823297ff.php 第 255 行.
NOTIC: [8] Use of undefined constant alink - assumed 'alink' D:\phpstudy\PHPTutorial\WWW\X-CRM3\X-CRM3\App\Runtime\Cache\Home\00e52909bed743ea261af4b6823297ff.php 第 250 行.
NOTIC: [8] Use of undefined constant id - assumed 'id' D:\phpstudy\PHPTutorial\WWW\X-CRM3\X-CRM3\App\Runtime\Cache\Home\00e52909bed743ea261af4b6823297ff.php 第 250 行.
SQL: SELECT COUNT(id) AS tp_count FROM `xy_menu` WHERE ( level=2 and pid=183 ) LIMIT 1   [ RunTime:0.0000s ]
SQL: SELECT * FROM `xy_menu` WHERE ( level=2 and pid=183 ) ORDER BY sort  [ RunTime:0.0000s ]
NOTIC: [8] Use of undefined constant alink - assumed 'alink' D:\phpstudy\PHPTutorial\WWW\X-CRM3\X-CRM3\App\Runtime\Cache\Home\00e52909bed743ea261af4b6823297ff.php 第 255 行.
NOTIC: [8] Use of undefined constant alink - assumed 'alink' D:\phpstudy\PHPTutorial\WWW\X-CRM3\X-CRM3\App\Runtime\Cache\Home\00e52909bed743ea261af4b6823297ff.php 第 255 行.
NOTIC: [8] Use of undefined constant alink - assumed 'alink' D:\phpstudy\PHPTutorial\WWW\X-CRM3\X-CRM3\App\Runtime\Cache\Home\00e52909bed743ea261af4b6823297ff.php 第 255 行.
NOTIC: [8] Use of undefined constant alink - assumed 'alink' D:\phpstudy\PHPTutorial\WWW\X-CRM3\X-CRM3\App\Runtime\Cache\Home\00e52909bed743ea261af4b6823297ff.php 第 255 行.
NOTIC: [8] Use of undefined constant alink - assumed 'alink' D:\phpstudy\PHPTutorial\WWW\X-CRM3\X-CRM3\App\Runtime\Cache\Home\00e52909bed743ea261af4b6823297ff.php 第 255 行.
NOTIC: [8] Use of undefined constant alink - assumed 'alink' D:\phpstudy\PHPTutorial\WWW\X-CRM3\X-CRM3\App\Runtime\Cache\Home\00e52909bed743ea261af4b6823297ff.php 第 255 行.
NOTIC: [8] Use of undefined constant alink - assumed 'alink' D:\phpstudy\PHPTutorial\WWW\X-CRM3\X-CRM3\App\Runtime\Cache\Home\00e52909bed743ea261af4b6823297ff.php 第 250 行.
NOTIC: [8] Use of undefined constant id - assumed 'id' D:\phpstudy\PHPTutorial\WWW\X-CRM3\X-CRM3\App\Runtime\Cache\Home\00e52909bed743ea261af4b6823297ff.php 第 250 行.
SQL: SELECT COUNT(id) AS tp_count FROM `xy_menu` WHERE ( level=2 and pid=190 ) LIMIT 1   [ RunTime:0.0000s ]
SQL: SELECT * FROM `xy_menu` WHERE ( level=2 and pid=190 ) ORDER BY sort  [ RunTime:0.0000s ]
NOTIC: [8] Use of undefined constant alink - assumed 'alink' D:\phpstudy\PHPTutorial\WWW\X-CRM3\X-CRM3\App\Runtime\Cache\Home\00e52909bed743ea261af4b6823297ff.php 第 255 行.
NOTIC: [8] Use of undefined constant alink - assumed 'alink' D:\phpstudy\PHPTutorial\WWW\X-CRM3\X-CRM3\App\Runtime\Cache\Home\00e52909bed743ea261af4b6823297ff.php 第 255 行.
NOTIC: [8] Use of undefined constant alink - assumed 'alink' D:\phpstudy\PHPTutorial\WWW\X-CRM3\X-CRM3\App\Runtime\Cache\Home\00e52909bed743ea261af4b6823297ff.php 第 255 行.
NOTIC: [8] Use of undefined constant alink - assumed 'alink' D:\phpstudy\PHPTutorial\WWW\X-CRM3\X-CRM3\App\Runtime\Cache\Home\00e52909bed743ea261af4b6823297ff.php 第 255 行.
NOTIC: [8] Use of undefined constant alink - assumed 'alink' D:\phpstudy\PHPTutorial\WWW\X-CRM3\X-CRM3\App\Runtime\Cache\Home\00e52909bed743ea261af4b6823297ff.php 第 255 行.
NOTIC: [8] Use of undefined constant alink - assumed 'alink' D:\phpstudy\PHPTutorial\WWW\X-CRM3\X-CRM3\App\Runtime\Cache\Home\00e52909bed743ea261af4b6823297ff.php 第 255 行.
NOTIC: [8] Use of undefined constant alink - assumed 'alink' D:\phpstudy\PHPTutorial\WWW\X-CRM3\X-CRM3\App\Runtime\Cache\Home\00e52909bed743ea261af4b6823297ff.php 第 255 行.
NOTIC: [8] Use of undefined constant alink - assumed 'alink' D:\phpstudy\PHPTutorial\WWW\X-CRM3\X-CRM3\App\Runtime\Cache\Home\00e52909bed743ea261af4b6823297ff.php 第 255 行.
NOTIC: [8] Use of undefined constant alink - assumed 'alink' D:\phpstudy\PHPTutorial\WWW\X-CRM3\X-CRM3\App\Runtime\Cache\Home\00e52909bed743ea261af4b6823297ff.php 第 255 行.
NOTIC: [8] Use of undefined constant alink - assumed 'alink' D:\phpstudy\PHPTutorial\WWW\X-CRM3\X-CRM3\App\Runtime\Cache\Home\00e52909bed743ea261af4b6823297ff.php 第 250 行.
NOTIC: [8] Use of undefined constant id - assumed 'id' D:\phpstudy\PHPTutorial\WWW\X-CRM3\X-CRM3\App\Runtime\Cache\Home\00e52909bed743ea261af4b6823297ff.php 第 250 行.
SQL: SELECT COUNT(id) AS tp_count FROM `xy_menu` WHERE ( level=2 and pid=202 ) LIMIT 1   [ RunTime:0.0000s ]
SQL: SELECT * FROM `xy_menu` WHERE ( level=2 and pid=202 ) ORDER BY sort  [ RunTime:0.0000s ]
NOTIC: [8] Use of undefined constant alink - assumed 'alink' D:\phpstudy\PHPTutorial\WWW\X-CRM3\X-CRM3\App\Runtime\Cache\Home\00e52909bed743ea261af4b6823297ff.php 第 255 行.
NOTIC: [8] Use of undefined constant alink - assumed 'alink' D:\phpstudy\PHPTutorial\WWW\X-CRM3\X-CRM3\App\Runtime\Cache\Home\00e52909bed743ea261af4b6823297ff.php 第 255 行.
NOTIC: [8] Use of undefined constant alink - assumed 'alink' D:\phpstudy\PHPTutorial\WWW\X-CRM3\X-CRM3\App\Runtime\Cache\Home\00e52909bed743ea261af4b6823297ff.php 第 255 行.
NOTIC: [8] Use of undefined constant alink - assumed 'alink' D:\phpstudy\PHPTutorial\WWW\X-CRM3\X-CRM3\App\Runtime\Cache\Home\00e52909bed743ea261af4b6823297ff.php 第 255 行.
NOTIC: [8] Use of undefined constant alink - assumed 'alink' D:\phpstudy\PHPTutorial\WWW\X-CRM3\X-CRM3\App\Runtime\Cache\Home\00e52909bed743ea261af4b6823297ff.php 第 250 行.
NOTIC: [8] Use of undefined constant id - assumed 'id' D:\phpstudy\PHPTutorial\WWW\X-CRM3\X-CRM3\App\Runtime\Cache\Home\00e52909bed743ea261af4b6823297ff.php 第 250 行.
SQL: SELECT COUNT(id) AS tp_count FROM `xy_menu` WHERE ( level=2 and pid=118 ) LIMIT 1   [ RunTime:0.0000s ]
SQL: SELECT * FROM `xy_menu` WHERE ( level=2 and pid=118 ) ORDER BY sort  [ RunTime:0.0000s ]
NOTIC: [8] Use of undefined constant alink - assumed 'alink' D:\phpstudy\PHPTutorial\WWW\X-CRM3\X-CRM3\App\Runtime\Cache\Home\00e52909bed743ea261af4b6823297ff.php 第 255 行.
NOTIC: [8] Use of undefined constant alink - assumed 'alink' D:\phpstudy\PHPTutorial\WWW\X-CRM3\X-CRM3\App\Runtime\Cache\Home\00e52909bed743ea261af4b6823297ff.php 第 255 行.
NOTIC: [8] Use of undefined constant alink - assumed 'alink' D:\phpstudy\PHPTutorial\WWW\X-CRM3\X-CRM3\App\Runtime\Cache\Home\00e52909bed743ea261af4b6823297ff.php 第 255 行.
NOTIC: [8] Use of undefined constant alink - assumed 'alink' D:\phpstudy\PHPTutorial\WWW\X-CRM3\X-CRM3\App\Runtime\Cache\Home\00e52909bed743ea261af4b6823297ff.php 第 234 行.
SQL: SELECT * FROM `xy_menu` WHERE ( level=1 and pid=7 ) ORDER BY sort  [ RunTime:0.0010s ]
NOTIC: [8] Use of undefined constant alink - assumed 'alink' D:\phpstudy\PHPTutorial\WWW\X-CRM3\X-CRM3\App\Runtime\Cache\Home\00e52909bed743ea261af4b6823297ff.php 第 250 行.
NOTIC: [8] Use of undefined constant id - assumed 'id' D:\phpstudy\PHPTutorial\WWW\X-CRM3\X-CRM3\App\Runtime\Cache\Home\00e52909bed743ea261af4b6823297ff.php 第 250 行.
SQL: SELECT COUNT(id) AS tp_count FROM `xy_menu` WHERE ( level=2 and pid=9 ) LIMIT 1   [ RunTime:0.0000s ]
SQL: SELECT * FROM `xy_menu` WHERE ( level=2 and pid=9 ) ORDER BY sort  [ RunTime:0.0000s ]
NOTIC: [8] Use of undefined constant alink - assumed 'alink' D:\phpstudy\PHPTutorial\WWW\X-CRM3\X-CRM3\App\Runtime\Cache\Home\00e52909bed743ea261af4b6823297ff.php 第 255 行.
NOTIC: [8] Use of undefined constant alink - assumed 'alink' D:\phpstudy\PHPTutorial\WWW\X-CRM3\X-CRM3\App\Runtime\Cache\Home\00e52909bed743ea261af4b6823297ff.php 第 255 行.
NOTIC: [8] Use of undefined constant alink - assumed 'alink' D:\phpstudy\PHPTutorial\WWW\X-CRM3\X-CRM3\App\Runtime\Cache\Home\00e52909bed743ea261af4b6823297ff.php 第 255 行.
NOTIC: [8] Use of undefined constant alink - assumed 'alink' D:\phpstudy\PHPTutorial\WWW\X-CRM3\X-CRM3\App\Runtime\Cache\Home\00e52909bed743ea261af4b6823297ff.php 第 250 行.
NOTIC: [8] Use of undefined constant id - assumed 'id' D:\phpstudy\PHPTutorial\WWW\X-CRM3\X-CRM3\App\Runtime\Cache\Home\00e52909bed743ea261af4b6823297ff.php 第 250 行.
SQL: SELECT COUNT(id) AS tp_count FROM `xy_menu` WHERE ( level=2 and pid=22 ) LIMIT 1   [ RunTime:0.0000s ]
SQL: SELECT * FROM `xy_menu` WHERE ( level=2 and pid=22 ) ORDER BY sort  [ RunTime:0.0000s ]
NOTIC: [8] Use of undefined constant alink - assumed 'alink' D:\phpstudy\PHPTutorial\WWW\X-CRM3\X-CRM3\App\Runtime\Cache\Home\00e52909bed743ea261af4b6823297ff.php 第 255 行.
NOTIC: [8] Use of undefined constant alink - assumed 'alink' D:\phpstudy\PHPTutorial\WWW\X-CRM3\X-CRM3\App\Runtime\Cache\Home\00e52909bed743ea261af4b6823297ff.php 第 255 行.
NOTIC: [8] Use of undefined constant alink - assumed 'alink' D:\phpstudy\PHPTutorial\WWW\X-CRM3\X-CRM3\App\Runtime\Cache\Home\00e52909bed743ea261af4b6823297ff.php 第 255 行.
NOTIC: [8] Use of undefined constant alink - assumed 'alink' D:\phpstudy\PHPTutorial\WWW\X-CRM3\X-CRM3\App\Runtime\Cache\Home\00e52909bed743ea261af4b6823297ff.php 第 255 行.
NOTIC: [8] Use of undefined constant alink - assumed 'alink' D:\phpstudy\PHPTutorial\WWW\X-CRM3\X-CRM3\App\Runtime\Cache\Home\00e52909bed743ea261af4b6823297ff.php 第 250 行.
NOTIC: [8] Use of undefined constant id - assumed 'id' D:\phpstudy\PHPTutorial\WWW\X-CRM3\X-CRM3\App\Runtime\Cache\Home\00e52909bed743ea261af4b6823297ff.php 第 250 行.
SQL: SELECT COUNT(id) AS tp_count FROM `xy_menu` WHERE ( level=2 and pid=24 ) LIMIT 1   [ RunTime:0.0000s ]
SQL: SELECT * FROM `xy_menu` WHERE ( level=2 and pid=24 ) ORDER BY sort  [ RunTime:0.0000s ]
NOTIC: [8] Use of undefined constant alink - assumed 'alink' D:\phpstudy\PHPTutorial\WWW\X-CRM3\X-CRM3\App\Runtime\Cache\Home\00e52909bed743ea261af4b6823297ff.php 第 250 行.
NOTIC: [8] Use of undefined constant id - assumed 'id' D:\phpstudy\PHPTutorial\WWW\X-CRM3\X-CRM3\App\Runtime\Cache\Home\00e52909bed743ea261af4b6823297ff.php 第 250 行.
SQL: SELECT COUNT(id) AS tp_count FROM `xy_menu` WHERE ( level=2 and pid=21 ) LIMIT 1   [ RunTime:0.0010s ]
SQL: SELECT * FROM `xy_menu` WHERE ( level=2 and pid=21 ) ORDER BY sort  [ RunTime:0.0000s ]
NOTIC: [8] Use of undefined constant alink - assumed 'alink' D:\phpstudy\PHPTutorial\WWW\X-CRM3\X-CRM3\App\Runtime\Cache\Home\00e52909bed743ea261af4b6823297ff.php 第 250 行.
NOTIC: [8] Use of undefined constant id - assumed 'id' D:\phpstudy\PHPTutorial\WWW\X-CRM3\X-CRM3\App\Runtime\Cache\Home\00e52909bed743ea261af4b6823297ff.php 第 250 行.
SQL: SELECT COUNT(id) AS tp_count FROM `xy_menu` WHERE ( level=2 and pid=13 ) LIMIT 1   [ RunTime:0.0000s ]
SQL: SELECT * FROM `xy_menu` WHERE ( level=2 and pid=13 ) ORDER BY sort  [ RunTime:0.0000s ]
NOTIC: [8] Use of undefined constant alink - assumed 'alink' D:\phpstudy\PHPTutorial\WWW\X-CRM3\X-CRM3\App\Runtime\Cache\Home\00e52909bed743ea261af4b6823297ff.php 第 250 行.
NOTIC: [8] Use of undefined constant id - assumed 'id' D:\phpstudy\PHPTutorial\WWW\X-CRM3\X-CRM3\App\Runtime\Cache\Home\00e52909bed743ea261af4b6823297ff.php 第 250 行.
SQL: SELECT COUNT(id) AS tp_count FROM `xy_menu` WHERE ( level=2 and pid=179 ) LIMIT 1   [ RunTime:0.0000s ]
SQL: SELECT * FROM `xy_menu` WHERE ( level=2 and pid=179 ) ORDER BY sort  [ RunTime:0.0010s ]
INFO: Run Behavior\ParseTemplateBehavior [ RunTime:0.036000s ]
INFO: [ view_parse ] --END-- [ RunTime:0.037000s ]
INFO: [ view_filter ] --START--
INFO: Run Behavior\WriteHtmlCacheBehavior [ RunTime:0.000000s ]
INFO: [ view_filter ] --END-- [ RunTime:0.000000s ]
INFO: [ app_end ] --START--
INFO: Run Behavior\ShowPageTraceBehavior [ RunTime:0.000000s ]
INFO: [ app_end ] --END-- [ RunTime:0.000000s ]

[ 2019-04-30T17:20:57+08:00 ] 127.0.0.1 /index.php?s=/Home/index/main.html&_=1556616057335
INFO: [ app_init ] --START--
INFO: Run Behavior\BuildLiteBehavior [ RunTime:0.000000s ]
INFO: [ app_init ] --END-- [ RunTime:0.000000s ]
INFO: [ app_begin ] --START--
INFO: Run Behavior\ReadHtmlCacheBehavior [ RunTime:0.000000s ]
INFO: [ app_begin ] --END-- [ RunTime:0.000000s ]
SQL: SHOW COLUMNS FROM `xy_user` [ RunTime:0.0010s ]
SQL: SELECT * FROM `xy_user` WHERE `id` = 1 LIMIT 1   [ RunTime:0.0010s ]
INFO: [ view_parse ] --START--
INFO: [ template_filter ] --START--
INFO: Run Behavior\ContentReplaceBehavior [ RunTime:0.000000s ]
INFO: [ template_filter ] --END-- [ RunTime:0.001000s ]
SQL: SHOW COLUMNS FROM `xy_quxiang` [ RunTime:0.0110s ]
SQL: SELECT * FROM `xy_quxiang` ORDER BY id desc LIMIT 5   [ RunTime:0.0000s ]
SQL: SELECT `depname` FROM `xy_user` WHERE ( id=17 ) LIMIT 1   [ RunTime:0.0000s ]
SQL: SELECT `depname` FROM `xy_user` WHERE ( id=16 ) LIMIT 1   [ RunTime:0.0000s ]
SQL: SHOW COLUMNS FROM `xy_renwu` [ RunTime:0.0030s ]
NOTIC: [8] Use of undefined constant uid - assumed 'uid' D:\phpstudy\PHPTutorial\WWW\X-CRM3\X-CRM3\App\Runtime\Cache\Home\8d1be3c46ef179b9e01c2c8d3de21c37.php 第 79 行.
SQL: SELECT * FROM `xy_renwu` WHERE `juid` LIKE '%1%' ORDER BY id desc LIMIT 5   [ RunTime:0.0010s ]
SQL: SHOW COLUMNS FROM `xy_tongzhi` [ RunTime:0.0030s ]
NOTIC: [8] Use of undefined constant uid - assumed 'uid' D:\phpstudy\PHPTutorial\WWW\X-CRM3\X-CRM3\App\Runtime\Cache\Home\8d1be3c46ef179b9e01c2c8d3de21c37.php 第 108 行.
SQL: SELECT * FROM `xy_tongzhi` WHERE `juid` LIKE '%1%' ORDER BY id desc LIMIT 5   [ RunTime:0.0000s ]
SQL: SHOW COLUMNS FROM `xy_cust` [ RunTime:0.0020s ]
SQL: SELECT * FROM `xy_cust` WHERE ( `xiaci` >= '2019-04-23' AND `xiaci` <= '2019-05-30'  ) AND (  `uid` = '1' OR `juid` LIKE '%1%' ) LIMIT 5   [ RunTime:0.0000s ]
SQL: SHOW COLUMNS FROM `xy_fahuo` [ RunTime:0.0020s ]
SQL: SELECT * FROM `xy_fahuo` ORDER BY id desc LIMIT 5   [ RunTime:0.0000s ]
SQL: SHOW COLUMNS FROM `xy_hetong` [ RunTime:0.0040s ]
SQL: SELECT * FROM `xy_hetong` WHERE (  `uid` = '1' OR `juid` LIKE '%1%' ) AND ( `jztime` >= '2019-04-23' AND `jztime` <= '2019-05-30'  ) LIMIT 5   [ RunTime:0.0000s ]
INFO: Run Behavior\ParseTemplateBehavior [ RunTime:0.044000s ]
INFO: [ view_parse ] --END-- [ RunTime:0.044000s ]
INFO: [ view_filter ] --START--
INFO: Run Behavior\WriteHtmlCacheBehavior [ RunTime:0.000000s ]
INFO: [ view_filter ] --END-- [ RunTime:0.000000s ]
INFO: [ app_end ] --START--
INFO: Run Behavior\ShowPageTraceBehavior [ RunTime:0.001000s ]
INFO: [ app_end ] --END-- [ RunTime:0.001000s ]

[ 2019-04-30T17:20:59+08:00 ] 127.0.0.1 /index.php/home/renwu/add?_=1556616059218
INFO: [ app_init ] --START--
INFO: Run Behavior\BuildLiteBehavior [ RunTime:0.000000s ]
INFO: [ app_init ] --END-- [ RunTime:0.001000s ]
INFO: [ app_begin ] --START--
INFO: Run Behavior\ReadHtmlCacheBehavior [ RunTime:0.000000s ]
INFO: [ app_begin ] --END-- [ RunTime:0.000000s ]
INFO: [ view_parse ] --START--
INFO: [ template_filter ] --START--
INFO: Run Behavior\ContentReplaceBehavior [ RunTime:0.000000s ]
INFO: [ template_filter ] --END-- [ RunTime:0.000000s ]
NOTIC: [8] Undefined variable: id D:\phpstudy\PHPTutorial\WWW\X-CRM3\X-CRM3\App\Runtime\Cache\Home\95c0a3c27d022f50f1a0d05732c1ba55.php 第 3 行.
NOTIC: [8] Undefined variable: Rs D:\phpstudy\PHPTutorial\WWW\X-CRM3\X-CRM3\App\Runtime\Cache\Home\95c0a3c27d022f50f1a0d05732c1ba55.php 第 7 行.
NOTIC: [8] Undefined variable: Rs D:\phpstudy\PHPTutorial\WWW\X-CRM3\X-CRM3\App\Runtime\Cache\Home\95c0a3c27d022f50f1a0d05732c1ba55.php 第 8 行.
NOTIC: [8] Undefined variable: Rs D:\phpstudy\PHPTutorial\WWW\X-CRM3\X-CRM3\App\Runtime\Cache\Home\95c0a3c27d022f50f1a0d05732c1ba55.php 第 9 行.
NOTIC: [8] Undefined variable: Rs D:\phpstudy\PHPTutorial\WWW\X-CRM3\X-CRM3\App\Runtime\Cache\Home\95c0a3c27d022f50f1a0d05732c1ba55.php 第 9 行.
NOTIC: [8] Undefined variable: Rs D:\phpstudy\PHPTutorial\WWW\X-CRM3\X-CRM3\App\Runtime\Cache\Home\95c0a3c27d022f50f1a0d05732c1ba55.php 第 10 行.
NOTIC: [8] Undefined variable: Rs D:\phpstudy\PHPTutorial\WWW\X-CRM3\X-CRM3\App\Runtime\Cache\Home\95c0a3c27d022f50f1a0d05732c1ba55.php 第 11 行.
NOTIC: [8] Undefined variable: Rs D:\phpstudy\PHPTutorial\WWW\X-CRM3\X-CRM3\App\Runtime\Cache\Home\95c0a3c27d022f50f1a0d05732c1ba55.php 第 12 行.
INFO: Run Behavior\ParseTemplateBehavior [ RunTime:0.007000s ]
INFO: [ view_parse ] --END-- [ RunTime:0.007000s ]
INFO: [ view_filter ] --START--
INFO: Run Behavior\WriteHtmlCacheBehavior [ RunTime:0.000000s ]
INFO: [ view_filter ] --END-- [ RunTime:0.000000s ]
NOTIC: [2] Missing argument 1 for Home\Controller\RenwuController::_after_add() D:\phpstudy\PHPTutorial\WWW\X-CRM3\X-CRM3\App\Home\Controller\RenwuController.class.php 第 50 行.
INFO: [ app_end ] --START--
INFO: Run Behavior\ShowPageTraceBehavior [ RunTime:0.001000s ]
INFO: [ app_end ] --END-- [ RunTime:0.001000s ]

[ 2019-04-30T17:20:59+08:00 ] 127.0.0.1 /index.php?s=/Home/Public/attfile/attid/1556616059/
INFO: [ app_init ] --START--
INFO: Run Behavior\BuildLiteBehavior [ RunTime:0.000000s ]
INFO: [ app_init ] --END-- [ RunTime:0.000000s ]
INFO: [ app_begin ] --START--
INFO: Run Behavior\ReadHtmlCacheBehavior [ RunTime:0.000000s ]
INFO: [ app_begin ] --END-- [ RunTime:0.000000s ]
INFO: [ view_parse ] --START--
INFO: [ template_filter ] --START--
INFO: Run Behavior\ContentReplaceBehavior [ RunTime:0.000000s ]
INFO: [ template_filter ] --END-- [ RunTime:0.000000s ]
SQL: SHOW COLUMNS FROM `xy_files` [ RunTime:0.0040s ]
SQL: SELECT COUNT(*) AS tp_count FROM `xy_files` WHERE ( attid=1556616059 ) LIMIT 1   [ RunTime:0.0000s ]
INFO: Run Behavior\ParseTemplateBehavior [ RunTime:0.012000s ]
INFO: [ view_parse ] --END-- [ RunTime:0.012000s ]
INFO: [ view_filter ] --START--
INFO: Run Behavior\WriteHtmlCacheBehavior [ RunTime:0.001000s ]
INFO: [ view_filter ] --END-- [ RunTime:0.001000s ]
INFO: [ app_end ] --START--
INFO: Run Behavior\ShowPageTraceBehavior [ RunTime:0.000000s ]
INFO: [ app_end ] --END-- [ RunTime:0.000000s ]

[ 2019-04-30T17:21:00+08:00 ] 127.0.0.1 /index.php/home/huibao/index?_=1556616059938
INFO: [ app_init ] --START--
INFO: Run Behavior\BuildLiteBehavior [ RunTime:0.000000s ]
INFO: [ app_init ] --END-- [ RunTime:0.001000s ]
INFO: [ app_begin ] --START--
INFO: Run Behavior\ReadHtmlCacheBehavior [ RunTime:0.000000s ]
INFO: [ app_begin ] --END-- [ RunTime:0.000000s ]
SQL: SHOW COLUMNS FROM `xy_huibao` [ RunTime:0.0050s ]
NOTIC: [8] Undefined variable: order D:\phpstudy\PHPTutorial\WWW\X-CRM3\X-CRM3\App\Common\Controller\BaseController.class.php 第 141 行.
NOTIC: [8] Undefined variable: sort D:\phpstudy\PHPTutorial\WWW\X-CRM3\X-CRM3\App\Common\Controller\BaseController.class.php 第 151 行.
NOTIC: [8] Undefined variable: pageCurrent D:\phpstudy\PHPTutorial\WWW\X-CRM3\X-CRM3\App\Common\Controller\BaseController.class.php 第 159 行.
SQL: SELECT COUNT(*) AS tp_count FROM `xy_huibao` WHERE (  `id` <> '0' ) LIMIT 1   [ RunTime:0.0000s ]
SQL: SELECT * FROM `xy_huibao` WHERE (  `id` <> '0' ) ORDER BY `id` desc LIMIT 0,50   [ RunTime:0.0010s ]
SQL: SHOW COLUMNS FROM `xy_huibao` [ RunTime:0.0020s ]
SQL: SELECT DISTINCT  `type` FROM `xy_huibao` WHERE `type` <> ''  [ RunTime:0.0020s ]
INFO: [ view_parse ] --START--
INFO: [ template_filter ] --START--
INFO: Run Behavior\ContentReplaceBehavior [ RunTime:0.000000s ]
INFO: [ template_filter ] --END-- [ RunTime:0.000000s ]
NOTIC: [8] Undefined index: keys D:\phpstudy\PHPTutorial\WWW\X-CRM3\X-CRM3\App\Runtime\Cache\Home\b657e92d8cae575e91fcc6fdb58e00e6.php 第 8 行.
NOTIC: [8] Undefined index: time1 D:\phpstudy\PHPTutorial\WWW\X-CRM3\X-CRM3\App\Runtime\Cache\Home\b657e92d8cae575e91fcc6fdb58e00e6.php 第 9 行.
NOTIC: [8] Undefined index: time2 D:\phpstudy\PHPTutorial\WWW\X-CRM3\X-CRM3\App\Runtime\Cache\Home\b657e92d8cae575e91fcc6fdb58e00e6.php 第 9 行.
NOTIC: [8] Undefined index: type D:\phpstudy\PHPTutorial\WWW\X-CRM3\X-CRM3\App\Runtime\Cache\Home\b657e92d8cae575e91fcc6fdb58e00e6.php 第 9 行.
NOTIC: [8] Undefined index: type D:\phpstudy\PHPTutorial\WWW\X-CRM3\X-CRM3\App\Runtime\Cache\Home\b657e92d8cae575e91fcc6fdb58e00e6.php 第 9 行.
NOTIC: [8] Undefined index: type D:\phpstudy\PHPTutorial\WWW\X-CRM3\X-CRM3\App\Runtime\Cache\Home\b657e92d8cae575e91fcc6fdb58e00e6.php 第 9 行.
NOTIC: [8] Undefined index: type D:\phpstudy\PHPTutorial\WWW\X-CRM3\X-CRM3\App\Runtime\Cache\Home\b657e92d8cae575e91fcc6fdb58e00e6.php 第 9 行.
INFO: Run Behavior\ParseTemplateBehavior [ RunTime:0.008000s ]
INFO: [ view_parse ] --END-- [ RunTime:0.008000s ]
INFO: [ view_filter ] --START--
INFO: Run Behavior\WriteHtmlCacheBehavior [ RunTime:0.001000s ]
INFO: [ view_filter ] --END-- [ RunTime:0.001000s ]
INFO: [ app_end ] --START--
INFO: Run Behavior\ShowPageTraceBehavior [ RunTime:0.001000s ]
INFO: [ app_end ] --END-- [ RunTime:0.001000s ]

[ 2019-04-30T17:21:05+08:00 ] 127.0.0.1 /index.php/home/cust/index?_=1556616065893
INFO: [ app_init ] --START--
INFO: Run Behavior\BuildLiteBehavior [ RunTime:0.000000s ]
INFO: [ app_init ] --END-- [ RunTime:0.000500s ]
INFO: [ app_begin ] --START--
INFO: Run Behavior\ReadHtmlCacheBehavior [ RunTime:0.000500s ]
INFO: [ app_begin ] --END-- [ RunTime:0.000500s ]
SQL: SHOW COLUMNS FROM `xy_cust` [ RunTime:0.0025s ]
NOTIC: [8] Undefined variable: order D:\phpstudy\PHPTutorial\WWW\X-CRM3\X-CRM3\App\Common\Controller\BaseController.class.php 第 141 行.
NOTIC: [8] Undefined variable: sort D:\phpstudy\PHPTutorial\WWW\X-CRM3\X-CRM3\App\Common\Controller\BaseController.class.php 第 151 行.
NOTIC: [8] Undefined variable: pageCurrent D:\phpstudy\PHPTutorial\WWW\X-CRM3\X-CRM3\App\Common\Controller\BaseController.class.php 第 159 行.
SQL: SELECT COUNT(*) AS tp_count FROM `xy_cust` WHERE (  `id` <> '0' ) LIMIT 1   [ RunTime:0.0005s ]
SQL: SELECT * FROM `xy_cust` WHERE (  `id` <> '0' ) ORDER BY `id` desc LIMIT 0,50   [ RunTime:0.0010s ]
SQL: SHOW COLUMNS FROM `xy_cust` [ RunTime:0.0030s ]
SQL: SELECT DISTINCT  `xuqiu` FROM `xy_cust` WHERE `xuqiu` <> ''  [ RunTime:0.0005s ]
SQL: SELECT DISTINCT  `laiyuan` FROM `xy_cust` WHERE `laiyuan` <> ''  [ RunTime:0.0005s ]
SQL: SELECT DISTINCT  `jinzhan` FROM `xy_cust` WHERE `jinzhan` <> ''  [ RunTime:0.0005s ]
INFO: [ view_parse ] --START--
INFO: [ template_filter ] --START--
INFO: Run Behavior\ContentReplaceBehavior [ RunTime:0.000000s ]
INFO: [ template_filter ] --END-- [ RunTime:0.000000s ]
NOTIC: [8] Undefined index: keys D:\phpstudy\PHPTutorial\WWW\X-CRM3\X-CRM3\App\Runtime\Cache\Home\5c22d29b0eb55c361b5221fa6fb427f6.php 第 8 行.
NOTIC: [8] Undefined index: time1 D:\phpstudy\PHPTutorial\WWW\X-CRM3\X-CRM3\App\Runtime\Cache\Home\5c22d29b0eb55c361b5221fa6fb427f6.php 第 9 行.
NOTIC: [8] Undefined index: time2 D:\phpstudy\PHPTutorial\WWW\X-CRM3\X-CRM3\App\Runtime\Cache\Home\5c22d29b0eb55c361b5221fa6fb427f6.php 第 9 行.
NOTIC: [8] Undefined index: xuqiu D:\phpstudy\PHPTutorial\WWW\X-CRM3\X-CRM3\App\Runtime\Cache\Home\5c22d29b0eb55c361b5221fa6fb427f6.php 第 9 行.
NOTIC: [8] Undefined index: xuqiu D:\phpstudy\PHPTutorial\WWW\X-CRM3\X-CRM3\App\Runtime\Cache\Home\5c22d29b0eb55c361b5221fa6fb427f6.php 第 9 行.
NOTIC: [8] Undefined index: xuqiu D:\phpstudy\PHPTutorial\WWW\X-CRM3\X-CRM3\App\Runtime\Cache\Home\5c22d29b0eb55c361b5221fa6fb427f6.php 第 9 行.
NOTIC: [8] Undefined index: xuqiu D:\phpstudy\PHPTutorial\WWW\X-CRM3\X-CRM3\App\Runtime\Cache\Home\5c22d29b0eb55c361b5221fa6fb427f6.php 第 9 行.
NOTIC: [8] Undefined index: xuqiu D:\phpstudy\PHPTutorial\WWW\X-CRM3\X-CRM3\App\Runtime\Cache\Home\5c22d29b0eb55c361b5221fa6fb427f6.php 第 9 行.
NOTIC: [8] Undefined index: xuqiu D:\phpstudy\PHPTutorial\WWW\X-CRM3\X-CRM3\App\Runtime\Cache\Home\5c22d29b0eb55c361b5221fa6fb427f6.php 第 9 行.
NOTIC: [8] Undefined index: xuqiu D:\phpstudy\PHPTutorial\WWW\X-CRM3\X-CRM3\App\Runtime\Cache\Home\5c22d29b0eb55c361b5221fa6fb427f6.php 第 9 行.
NOTIC: [8] Undefined index: xuqiu D:\phpstudy\PHPTutorial\WWW\X-CRM3\X-CRM3\App\Runtime\Cache\Home\5c22d29b0eb55c361b5221fa6fb427f6.php 第 9 行.
NOTIC: [8] Undefined index: laiyuan D:\phpstudy\PHPTutorial\WWW\X-CRM3\X-CRM3\App\Runtime\Cache\Home\5c22d29b0eb55c361b5221fa6fb427f6.php 第 9 行.
NOTIC: [8] Undefined index: laiyuan D:\phpstudy\PHPTutorial\WWW\X-CRM3\X-CRM3\App\Runtime\Cache\Home\5c22d29b0eb55c361b5221fa6fb427f6.php 第 9 行.
NOTIC: [8] Undefined index: laiyuan D:\phpstudy\PHPTutorial\WWW\X-CRM3\X-CRM3\App\Runtime\Cache\Home\5c22d29b0eb55c361b5221fa6fb427f6.php 第 9 行.
NOTIC: [8] Undefined index: laiyuan D:\phpstudy\PHPTutorial\WWW\X-CRM3\X-CRM3\App\Runtime\Cache\Home\5c22d29b0eb55c361b5221fa6fb427f6.php 第 9 行.
NOTIC: [8] Undefined index: jinzhan D:\phpstudy\PHPTutorial\WWW\X-CRM3\X-CRM3\App\Runtime\Cache\Home\5c22d29b0eb55c361b5221fa6fb427f6.php 第 9 行.
NOTIC: [8] Undefined index: jinzhan D:\phpstudy\PHPTutorial\WWW\X-CRM3\X-CRM3\App\Runtime\Cache\Home\5c22d29b0eb55c361b5221fa6fb427f6.php 第 9 行.
NOTIC: [8] Undefined index: jinzhan D:\phpstudy\PHPTutorial\WWW\X-CRM3\X-CRM3\App\Runtime\Cache\Home\5c22d29b0eb55c361b5221fa6fb427f6.php 第 9 行.
NOTIC: [8] Undefined index: jinzhan D:\phpstudy\PHPTutorial\WWW\X-CRM3\X-CRM3\App\Runtime\Cache\Home\5c22d29b0eb55c361b5221fa6fb427f6.php 第 9 行.
NOTIC: [8] Undefined index: jinzhan D:\phpstudy\PHPTutorial\WWW\X-CRM3\X-CRM3\App\Runtime\Cache\Home\5c22d29b0eb55c361b5221fa6fb427f6.php 第 9 行.
NOTIC: [8] Undefined index: jinzhan D:\phpstudy\PHPTutorial\WWW\X-CRM3\X-CRM3\App\Runtime\Cache\Home\5c22d29b0eb55c361b5221fa6fb427f6.php 第 9 行.
INFO: Run Behavior\ParseTemplateBehavior [ RunTime:0.014500s ]
INFO: [ view_parse ] --END-- [ RunTime:0.014500s ]
INFO: [ view_filter ] --START--
INFO: Run Behavior\WriteHtmlCacheBehavior [ RunTime:0.000500s ]
INFO: [ view_filter ] --END-- [ RunTime:0.000500s ]
INFO: [ app_end ] --START--
INFO: Run Behavior\ShowPageTraceBehavior [ RunTime:0.000500s ]
INFO: [ app_end ] --END-- [ RunTime:0.000500s ]

[ 2019-04-30T17:21:10+08:00 ] 127.0.0.1 /index.php?s=/Home/Cust/outxls&pageSize=50&pageCurrent=1&keys=&time1=&time2=&xuqiu=&laiyuan=&jinzhan=&orderField=id&orderDirection=desc&total=
INFO: [ app_init ] --START--
INFO: Run Behavior\BuildLiteBehavior [ RunTime:0.000000s ]
INFO: [ app_init ] --END-- [ RunTime:0.000500s ]
INFO: [ app_begin ] --START--
INFO: Run Behavior\ReadHtmlCacheBehavior [ RunTime:0.000000s ]
INFO: [ app_begin ] --END-- [ RunTime:0.000000s ]
SQL: SHOW COLUMNS FROM `xy_cust` [ RunTime:0.0020s ]
SQL: SELECT `id`,`xuqiu`,`title`,`name`,`dianhua`,`dizhi`,`qq`,`email`,`laiyuan`,`jinzhan`,`xiaci`,`aihao`,`juid`,`juname`,`beizhu` FROM `xy_cust` WHERE (  `id` <> '0' )  [ RunTime:0.0000s ]

[ 2019-04-30T17:24:46+08:00 ] 127.0.0.1 /index.php/home/cust/index?_=1556616285971
INFO: [ app_init ] --START--
INFO: Run Behavior\BuildLiteBehavior [ RunTime:0.000000s ]
INFO: [ app_init ] --END-- [ RunTime:0.001000s ]
INFO: [ app_begin ] --START--
INFO: Run Behavior\ReadHtmlCacheBehavior [ RunTime:0.001000s ]
INFO: [ app_begin ] --END-- [ RunTime:0.001000s ]
SQL: SHOW COLUMNS FROM `xy_cust` [ RunTime:0.0010s ]
NOTIC: [8] Undefined variable: order D:\phpstudy\PHPTutorial\WWW\X-CRM3\X-CRM3\App\Common\Controller\BaseController.class.php 第 141 行.
NOTIC: [8] Undefined variable: sort D:\phpstudy\PHPTutorial\WWW\X-CRM3\X-CRM3\App\Common\Controller\BaseController.class.php 第 151 行.
NOTIC: [8] Undefined variable: pageCurrent D:\phpstudy\PHPTutorial\WWW\X-CRM3\X-CRM3\App\Common\Controller\BaseController.class.php 第 159 行.
SQL: SELECT COUNT(*) AS tp_count FROM `xy_cust` WHERE (  `id` <> '0' ) LIMIT 1   [ RunTime:0.0000s ]
SQL: SELECT * FROM `xy_cust` WHERE (  `id` <> '0' ) ORDER BY `id` desc LIMIT 0,50   [ RunTime:0.0000s ]
SQL: SHOW COLUMNS FROM `xy_cust` [ RunTime:0.0010s ]
SQL: SELECT DISTINCT  `xuqiu` FROM `xy_cust` WHERE `xuqiu` <> ''  [ RunTime:0.0000s ]
SQL: SELECT DISTINCT  `laiyuan` FROM `xy_cust` WHERE `laiyuan` <> ''  [ RunTime:0.0000s ]
SQL: SELECT DISTINCT  `jinzhan` FROM `xy_cust` WHERE `jinzhan` <> ''  [ RunTime:0.0000s ]
INFO: [ view_parse ] --START--
INFO: [ template_filter ] --START--
INFO: Run Behavior\ContentReplaceBehavior [ RunTime:0.000000s ]
INFO: [ template_filter ] --END-- [ RunTime:0.000000s ]
NOTIC: [8] Undefined index: keys D:\phpstudy\PHPTutorial\WWW\X-CRM3\X-CRM3\App\Runtime\Cache\Home\5c22d29b0eb55c361b5221fa6fb427f6.php 第 8 行.
NOTIC: [8] Undefined index: time1 D:\phpstudy\PHPTutorial\WWW\X-CRM3\X-CRM3\App\Runtime\Cache\Home\5c22d29b0eb55c361b5221fa6fb427f6.php 第 9 行.
NOTIC: [8] Undefined index: time2 D:\phpstudy\PHPTutorial\WWW\X-CRM3\X-CRM3\App\Runtime\Cache\Home\5c22d29b0eb55c361b5221fa6fb427f6.php 第 9 行.
NOTIC: [8] Undefined index: xuqiu D:\phpstudy\PHPTutorial\WWW\X-CRM3\X-CRM3\App\Runtime\Cache\Home\5c22d29b0eb55c361b5221fa6fb427f6.php 第 9 行.
NOTIC: [8] Undefined index: xuqiu D:\phpstudy\PHPTutorial\WWW\X-CRM3\X-CRM3\App\Runtime\Cache\Home\5c22d29b0eb55c361b5221fa6fb427f6.php 第 9 行.
NOTIC: [8] Undefined index: xuqiu D:\phpstudy\PHPTutorial\WWW\X-CRM3\X-CRM3\App\Runtime\Cache\Home\5c22d29b0eb55c361b5221fa6fb427f6.php 第 9 行.
NOTIC: [8] Undefined index: xuqiu D:\phpstudy\PHPTutorial\WWW\X-CRM3\X-CRM3\App\Runtime\Cache\Home\5c22d29b0eb55c361b5221fa6fb427f6.php 第 9 行.
NOTIC: [8] Undefined index: xuqiu D:\phpstudy\PHPTutorial\WWW\X-CRM3\X-CRM3\App\Runtime\Cache\Home\5c22d29b0eb55c361b5221fa6fb427f6.php 第 9 行.
NOTIC: [8] Undefined index: xuqiu D:\phpstudy\PHPTutorial\WWW\X-CRM3\X-CRM3\App\Runtime\Cache\Home\5c22d29b0eb55c361b5221fa6fb427f6.php 第 9 行.
NOTIC: [8] Undefined index: xuqiu D:\phpstudy\PHPTutorial\WWW\X-CRM3\X-CRM3\App\Runtime\Cache\Home\5c22d29b0eb55c361b5221fa6fb427f6.php 第 9 行.
NOTIC: [8] Undefined index: xuqiu D:\phpstudy\PHPTutorial\WWW\X-CRM3\X-CRM3\App\Runtime\Cache\Home\5c22d29b0eb55c361b5221fa6fb427f6.php 第 9 行.
NOTIC: [8] Undefined index: laiyuan D:\phpstudy\PHPTutorial\WWW\X-CRM3\X-CRM3\App\Runtime\Cache\Home\5c22d29b0eb55c361b5221fa6fb427f6.php 第 9 行.
NOTIC: [8] Undefined index: laiyuan D:\phpstudy\PHPTutorial\WWW\X-CRM3\X-CRM3\App\Runtime\Cache\Home\5c22d29b0eb55c361b5221fa6fb427f6.php 第 9 行.
NOTIC: [8] Undefined index: laiyuan D:\phpstudy\PHPTutorial\WWW\X-CRM3\X-CRM3\App\Runtime\Cache\Home\5c22d29b0eb55c361b5221fa6fb427f6.php 第 9 行.
NOTIC: [8] Undefined index: laiyuan D:\phpstudy\PHPTutorial\WWW\X-CRM3\X-CRM3\App\Runtime\Cache\Home\5c22d29b0eb55c361b5221fa6fb427f6.php 第 9 行.
NOTIC: [8] Undefined index: jinzhan D:\phpstudy\PHPTutorial\WWW\X-CRM3\X-CRM3\App\Runtime\Cache\Home\5c22d29b0eb55c361b5221fa6fb427f6.php 第 9 行.
NOTIC: [8] Undefined index: jinzhan D:\phpstudy\PHPTutorial\WWW\X-CRM3\X-CRM3\App\Runtime\Cache\Home\5c22d29b0eb55c361b5221fa6fb427f6.php 第 9 行.
NOTIC: [8] Undefined index: jinzhan D:\phpstudy\PHPTutorial\WWW\X-CRM3\X-CRM3\App\Runtime\Cache\Home\5c22d29b0eb55c361b5221fa6fb427f6.php 第 9 行.
NOTIC: [8] Undefined index: jinzhan D:\phpstudy\PHPTutorial\WWW\X-CRM3\X-CRM3\App\Runtime\Cache\Home\5c22d29b0eb55c361b5221fa6fb427f6.php 第 9 行.
NOTIC: [8] Undefined index: jinzhan D:\phpstudy\PHPTutorial\WWW\X-CRM3\X-CRM3\App\Runtime\Cache\Home\5c22d29b0eb55c361b5221fa6fb427f6.php 第 9 行.
NOTIC: [8] Undefined index: jinzhan D:\phpstudy\PHPTutorial\WWW\X-CRM3\X-CRM3\App\Runtime\Cache\Home\5c22d29b0eb55c361b5221fa6fb427f6.php 第 9 行.
INFO: Run Behavior\ParseTemplateBehavior [ RunTime:0.010000s ]
INFO: [ view_parse ] --END-- [ RunTime:0.010000s ]
INFO: [ view_filter ] --START--
INFO: Run Behavior\WriteHtmlCacheBehavior [ RunTime:0.000000s ]
INFO: [ view_filter ] --END-- [ RunTime:0.000000s ]
INFO: [ app_end ] --START--
INFO: Run Behavior\ShowPageTraceBehavior [ RunTime:0.000000s ]
INFO: [ app_end ] --END-- [ RunTime:0.000000s ]

[ 2019-04-30T17:25:09+08:00 ] 127.0.0.1 /index.php?s=/Home/Cust/outxls&pageSize=50&pageCurrent=1&keys=&time1=&time2=&xuqiu=&laiyuan=&jinzhan=&orderField=id&orderDirection=desc&total=
INFO: [ app_init ] --START--
INFO: Run Behavior\BuildLiteBehavior [ RunTime:0.000000s ]
INFO: [ app_init ] --END-- [ RunTime:0.000500s ]
INFO: [ app_begin ] --START--
INFO: Run Behavior\ReadHtmlCacheBehavior [ RunTime:0.000500s ]
INFO: [ app_begin ] --END-- [ RunTime:0.000500s ]
SQL: SHOW COLUMNS FROM `xy_cust` [ RunTime:0.0015s ]
SQL: SELECT `id`,`xuqiu`,`title`,`name`,`dianhua`,`dizhi`,`qq`,`email`,`laiyuan`,`jinzhan`,`xiaci`,`aihao`,`juid`,`juname`,`beizhu` FROM `xy_cust` WHERE (  `id` <> '0' )  [ RunTime:0.0000s ]

[ 2019-04-30T17:28:20+08:00 ] 127.0.0.1 /index.php/home/shou/index?_=1556616500753
INFO: [ app_init ] --START--
INFO: Run Behavior\BuildLiteBehavior [ RunTime:0.000000s ]
INFO: [ app_init ] --END-- [ RunTime:0.000000s ]
INFO: [ app_begin ] --START--
INFO: Run Behavior\ReadHtmlCacheBehavior [ RunTime:0.000000s ]
INFO: [ app_begin ] --END-- [ RunTime:0.000000s ]
SQL: SHOW COLUMNS FROM `xy_shou` [ RunTime:0.0060s ]
NOTIC: [8] Undefined variable: order D:\phpstudy\PHPTutorial\WWW\X-CRM3\X-CRM3\App\Common\Controller\BaseController.class.php 第 141 行.
NOTIC: [8] Undefined variable: sort D:\phpstudy\PHPTutorial\WWW\X-CRM3\X-CRM3\App\Common\Controller\BaseController.class.php 第 151 行.
NOTIC: [8] Undefined variable: pageCurrent D:\phpstudy\PHPTutorial\WWW\X-CRM3\X-CRM3\App\Common\Controller\BaseController.class.php 第 159 行.
SQL: SELECT COUNT(*) AS tp_count FROM `xy_shou` WHERE (  `id` <> '0' ) LIMIT 1   [ RunTime:0.0010s ]
SQL: SELECT * FROM `xy_shou` WHERE (  `id` <> '0' ) ORDER BY `id` desc LIMIT 0,50   [ RunTime:0.0010s ]
SQL: SHOW COLUMNS FROM `xy_shou` [ RunTime:0.0030s ]
SQL: SELECT DISTINCT  `type` FROM `xy_shou` WHERE `type` <> ''  [ RunTime:0.0010s ]
SQL: SELECT DISTINCT  `jingban` FROM `xy_shou` WHERE `jingban` <> ''  [ RunTime:0.0010s ]
INFO: [ view_parse ] --START--
INFO: [ template_filter ] --START--
INFO: Run Behavior\ContentReplaceBehavior [ RunTime:0.000000s ]
INFO: [ template_filter ] --END-- [ RunTime:0.000000s ]
NOTIC: [8] Undefined index: keys D:\phpstudy\PHPTutorial\WWW\X-CRM3\X-CRM3\App\Runtime\Cache\Home\fc977124d788399cdd08f15688d557a1.php 第 8 行.
NOTIC: [8] Undefined index: time1 D:\phpstudy\PHPTutorial\WWW\X-CRM3\X-CRM3\App\Runtime\Cache\Home\fc977124d788399cdd08f15688d557a1.php 第 9 行.
NOTIC: [8] Undefined index: time2 D:\phpstudy\PHPTutorial\WWW\X-CRM3\X-CRM3\App\Runtime\Cache\Home\fc977124d788399cdd08f15688d557a1.php 第 9 行.
NOTIC: [8] Undefined index: type D:\phpstudy\PHPTutorial\WWW\X-CRM3\X-CRM3\App\Runtime\Cache\Home\fc977124d788399cdd08f15688d557a1.php 第 9 行.
NOTIC: [8] Undefined index: type D:\phpstudy\PHPTutorial\WWW\X-CRM3\X-CRM3\App\Runtime\Cache\Home\fc977124d788399cdd08f15688d557a1.php 第 9 行.
NOTIC: [8] Undefined index: type D:\phpstudy\PHPTutorial\WWW\X-CRM3\X-CRM3\App\Runtime\Cache\Home\fc977124d788399cdd08f15688d557a1.php 第 9 行.
NOTIC: [8] Undefined index: type D:\phpstudy\PHPTutorial\WWW\X-CRM3\X-CRM3\App\Runtime\Cache\Home\fc977124d788399cdd08f15688d557a1.php 第 9 行.
NOTIC: [8] Undefined variable: shenhelist D:\phpstudy\PHPTutorial\WWW\X-CRM3\X-CRM3\App\Runtime\Cache\Home\fc977124d788399cdd08f15688d557a1.php 第 9 行.
NOTIC: [8] Undefined index: jingban D:\phpstudy\PHPTutorial\WWW\X-CRM3\X-CRM3\App\Runtime\Cache\Home\fc977124d788399cdd08f15688d557a1.php 第 10 行.
NOTIC: [8] Undefined index: jingban D:\phpstudy\PHPTutorial\WWW\X-CRM3\X-CRM3\App\Runtime\Cache\Home\fc977124d788399cdd08f15688d557a1.php 第 10 行.
NOTIC: [8] Undefined index: jingban D:\phpstudy\PHPTutorial\WWW\X-CRM3\X-CRM3\App\Runtime\Cache\Home\fc977124d788399cdd08f15688d557a1.php 第 10 行.
NOTIC: [8] Undefined index: jingban D:\phpstudy\PHPTutorial\WWW\X-CRM3\X-CRM3\App\Runtime\Cache\Home\fc977124d788399cdd08f15688d557a1.php 第 10 行.
INFO: Run Behavior\ParseTemplateBehavior [ RunTime:0.013000s ]
INFO: [ view_parse ] --END-- [ RunTime:0.013000s ]
INFO: [ view_filter ] --START--
INFO: Run Behavior\WriteHtmlCacheBehavior [ RunTime:0.000000s ]
INFO: [ view_filter ] --END-- [ RunTime:0.000000s ]
INFO: [ app_end ] --START--
INFO: Run Behavior\ShowPageTraceBehavior [ RunTime:0.001000s ]
INFO: [ app_end ] --END-- [ RunTime:0.001000s ]

[ 2019-04-30T17:28:24+08:00 ] 127.0.0.1 /index.php/home/kaipiao/index?_=1556616504269
INFO: [ app_init ] --START--
INFO: Run Behavior\BuildLiteBehavior [ RunTime:0.000000s ]
INFO: [ app_init ] --END-- [ RunTime:0.001000s ]
INFO: [ app_begin ] --START--
INFO: Run Behavior\ReadHtmlCacheBehavior [ RunTime:0.000000s ]
INFO: [ app_begin ] --END-- [ RunTime:0.000000s ]
SQL: SHOW COLUMNS FROM `xy_kaipiao` [ RunTime:0.0060s ]
NOTIC: [8] Undefined variable: order D:\phpstudy\PHPTutorial\WWW\X-CRM3\X-CRM3\App\Common\Controller\BaseController.class.php 第 141 行.
NOTIC: [8] Undefined variable: sort D:\phpstudy\PHPTutorial\WWW\X-CRM3\X-CRM3\App\Common\Controller\BaseController.class.php 第 151 行.
NOTIC: [8] Undefined variable: pageCurrent D:\phpstudy\PHPTutorial\WWW\X-CRM3\X-CRM3\App\Common\Controller\BaseController.class.php 第 159 行.
SQL: SELECT COUNT(*) AS tp_count FROM `xy_kaipiao` WHERE (  `id` <> '0' ) LIMIT 1   [ RunTime:0.0000s ]
SQL: SELECT * FROM `xy_kaipiao` WHERE (  `id` <> '0' ) ORDER BY `id` desc LIMIT 0,50   [ RunTime:0.0010s ]
INFO: [ view_parse ] --START--
INFO: [ template_filter ] --START--
INFO: Run Behavior\ContentReplaceBehavior [ RunTime:0.000000s ]
INFO: [ template_filter ] --END-- [ RunTime:0.000000s ]
NOTIC: [8] Undefined index: keys D:\phpstudy\PHPTutorial\WWW\X-CRM3\X-CRM3\App\Runtime\Cache\Home\2accf9de1e612c971a2b359b7250964e.php 第 8 行.
NOTIC: [8] Undefined index: time1 D:\phpstudy\PHPTutorial\WWW\X-CRM3\X-CRM3\App\Runtime\Cache\Home\2accf9de1e612c971a2b359b7250964e.php 第 9 行.
NOTIC: [8] Undefined index: time2 D:\phpstudy\PHPTutorial\WWW\X-CRM3\X-CRM3\App\Runtime\Cache\Home\2accf9de1e612c971a2b359b7250964e.php 第 9 行.
INFO: Run Behavior\ParseTemplateBehavior [ RunTime:0.007000s ]
INFO: [ view_parse ] --END-- [ RunTime:0.007000s ]
INFO: [ view_filter ] --START--
INFO: Run Behavior\WriteHtmlCacheBehavior [ RunTime:0.000000s ]
INFO: [ view_filter ] --END-- [ RunTime:0.000000s ]
INFO: [ app_end ] --START--
INFO: Run Behavior\ShowPageTraceBehavior [ RunTime:0.001000s ]
INFO: [ app_end ] --END-- [ RunTime:0.001000s ]

[ 2019-04-30T17:28:25+08:00 ] 127.0.0.1 /index.php/home/chuku/index?_=1556616505076
INFO: [ app_init ] --START--
INFO: Run Behavior\BuildLiteBehavior [ RunTime:0.000000s ]
INFO: [ app_init ] --END-- [ RunTime:0.001000s ]
INFO: [ app_begin ] --START--
INFO: Run Behavior\ReadHtmlCacheBehavior [ RunTime:0.001000s ]
INFO: [ app_begin ] --END-- [ RunTime:0.001000s ]
SQL: SHOW COLUMNS FROM `xy_chuku` [ RunTime:0.0060s ]
NOTIC: [8] Undefined variable: order D:\phpstudy\PHPTutorial\WWW\X-CRM3\X-CRM3\App\Common\Controller\BaseController.class.php 第 141 行.
NOTIC: [8] Undefined variable: sort D:\phpstudy\PHPTutorial\WWW\X-CRM3\X-CRM3\App\Common\Controller\BaseController.class.php 第 151 行.
NOTIC: [8] Undefined variable: pageCurrent D:\phpstudy\PHPTutorial\WWW\X-CRM3\X-CRM3\App\Common\Controller\BaseController.class.php 第 159 行.
SQL: SELECT COUNT(*) AS tp_count FROM `xy_chuku` WHERE (  `id` <> '0' ) LIMIT 1   [ RunTime:0.0000s ]
SQL: SELECT * FROM `xy_chuku` WHERE (  `id` <> '0' ) ORDER BY `id` desc LIMIT 0,50   [ RunTime:0.0000s ]
SQL: SHOW COLUMNS FROM `xy_chuku` [ RunTime:0.0020s ]
SQL: SELECT DISTINCT  `shenhe` FROM `xy_chuku` WHERE `shenhe` <> ''  [ RunTime:0.0000s ]
INFO: [ view_parse ] --START--
INFO: [ template_filter ] --START--
INFO: Run Behavior\ContentReplaceBehavior [ RunTime:0.000000s ]
INFO: [ template_filter ] --END-- [ RunTime:0.000000s ]
NOTIC: [8] Undefined index: keys D:\phpstudy\PHPTutorial\WWW\X-CRM3\X-CRM3\App\Runtime\Cache\Home\f260f88650842cc5db2215894447b1ef.php 第 8 行.
NOTIC: [8] Undefined index: time1 D:\phpstudy\PHPTutorial\WWW\X-CRM3\X-CRM3\App\Runtime\Cache\Home\f260f88650842cc5db2215894447b1ef.php 第 9 行.
NOTIC: [8] Undefined index: time2 D:\phpstudy\PHPTutorial\WWW\X-CRM3\X-CRM3\App\Runtime\Cache\Home\f260f88650842cc5db2215894447b1ef.php 第 9 行.
NOTIC: [8] Undefined index: shenhe D:\phpstudy\PHPTutorial\WWW\X-CRM3\X-CRM3\App\Runtime\Cache\Home\f260f88650842cc5db2215894447b1ef.php 第 9 行.
NOTIC: [8] Undefined index: shenhe D:\phpstudy\PHPTutorial\WWW\X-CRM3\X-CRM3\App\Runtime\Cache\Home\f260f88650842cc5db2215894447b1ef.php 第 9 行.
INFO: Run Behavior\ParseTemplateBehavior [ RunTime:0.009000s ]
INFO: [ view_parse ] --END-- [ RunTime:0.009000s ]
INFO: [ view_filter ] --START--
INFO: Run Behavior\WriteHtmlCacheBehavior [ RunTime:0.000000s ]
INFO: [ view_filter ] --END-- [ RunTime:0.000000s ]
INFO: [ app_end ] --START--
INFO: Run Behavior\ShowPageTraceBehavior [ RunTime:0.001000s ]
INFO: [ app_end ] --END-- [ RunTime:0.001000s ]

[ 2019-04-30T17:28:30+08:00 ] 127.0.0.1 /index.php/home/fahuo/index?_=1556616510084
INFO: [ app_init ] --START--
INFO: Run Behavior\BuildLiteBehavior [ RunTime:0.000000s ]
INFO: [ app_init ] --END-- [ RunTime:0.001000s ]
INFO: [ app_begin ] --START--
INFO: Run Behavior\ReadHtmlCacheBehavior [ RunTime:0.001000s ]
INFO: [ app_begin ] --END-- [ RunTime:0.001000s ]
SQL: SHOW COLUMNS FROM `xy_fahuo` [ RunTime:0.0020s ]
NOTIC: [8] Undefined variable: order D:\phpstudy\PHPTutorial\WWW\X-CRM3\X-CRM3\App\Common\Controller\BaseController.class.php 第 141 行.
NOTIC: [8] Undefined variable: sort D:\phpstudy\PHPTutorial\WWW\X-CRM3\X-CRM3\App\Common\Controller\BaseController.class.php 第 151 行.
NOTIC: [8] Undefined variable: pageCurrent D:\phpstudy\PHPTutorial\WWW\X-CRM3\X-CRM3\App\Common\Controller\BaseController.class.php 第 159 行.
SQL: SELECT COUNT(*) AS tp_count FROM `xy_fahuo` WHERE (  `id` <> '0' ) LIMIT 1   [ RunTime:0.0010s ]
SQL: SELECT * FROM `xy_fahuo` WHERE (  `id` <> '0' ) ORDER BY `id` desc LIMIT 0,50   [ RunTime:0.0000s ]
INFO: [ view_parse ] --START--
INFO: [ template_filter ] --START--
INFO: Run Behavior\ContentReplaceBehavior [ RunTime:0.000000s ]
INFO: [ template_filter ] --END-- [ RunTime:0.000000s ]
NOTIC: [8] Undefined index: keys D:\phpstudy\PHPTutorial\WWW\X-CRM3\X-CRM3\App\Runtime\Cache\Home\5ec26db223ba1cc20627982c058e551a.php 第 8 行.
NOTIC: [8] Undefined index: time1 D:\phpstudy\PHPTutorial\WWW\X-CRM3\X-CRM3\App\Runtime\Cache\Home\5ec26db223ba1cc20627982c058e551a.php 第 9 行.
NOTIC: [8] Undefined index: time2 D:\phpstudy\PHPTutorial\WWW\X-CRM3\X-CRM3\App\Runtime\Cache\Home\5ec26db223ba1cc20627982c058e551a.php 第 9 行.
INFO: Run Behavior\ParseTemplateBehavior [ RunTime:0.009000s ]
INFO: [ view_parse ] --END-- [ RunTime:0.009000s ]
INFO: [ view_filter ] --START--
INFO: Run Behavior\WriteHtmlCacheBehavior [ RunTime:0.000000s ]
INFO: [ view_filter ] --END-- [ RunTime:0.000000s ]
INFO: [ app_end ] --START--
INFO: Run Behavior\ShowPageTraceBehavior [ RunTime:0.000000s ]
INFO: [ app_end ] --END-- [ RunTime:0.000000s ]

[ 2019-04-30T17:28:30+08:00 ] 127.0.0.1 /index.php/home/fukuan/index?_=1556616510793
INFO: [ app_init ] --START--
INFO: Run Behavior\BuildLiteBehavior [ RunTime:0.000000s ]
INFO: [ app_init ] --END-- [ RunTime:0.001000s ]
INFO: [ app_begin ] --START--
INFO: Run Behavior\ReadHtmlCacheBehavior [ RunTime:0.001000s ]
INFO: [ app_begin ] --END-- [ RunTime:0.001000s ]
SQL: SHOW COLUMNS FROM `xy_fukuan` [ RunTime:0.0070s ]
NOTIC: [8] Undefined variable: order D:\phpstudy\PHPTutorial\WWW\X-CRM3\X-CRM3\App\Common\Controller\BaseController.class.php 第 141 行.
NOTIC: [8] Undefined variable: sort D:\phpstudy\PHPTutorial\WWW\X-CRM3\X-CRM3\App\Common\Controller\BaseController.class.php 第 151 行.
NOTIC: [8] Undefined variable: pageCurrent D:\phpstudy\PHPTutorial\WWW\X-CRM3\X-CRM3\App\Common\Controller\BaseController.class.php 第 159 行.
SQL: SELECT COUNT(*) AS tp_count FROM `xy_fukuan` WHERE (  `id` <> '0' ) LIMIT 1   [ RunTime:0.0010s ]
SQL: SELECT * FROM `xy_fukuan` WHERE (  `id` <> '0' ) ORDER BY `id` desc LIMIT 0,50   [ RunTime:0.0000s ]
SQL: SHOW COLUMNS FROM `xy_fukuan` [ RunTime:0.0020s ]
SQL: SELECT DISTINCT  `leixing` FROM `xy_fukuan` WHERE `leixing` <> ''  [ RunTime:0.0000s ]
SQL: SELECT DISTINCT  `type` FROM `xy_fukuan` WHERE `type` <> ''  [ RunTime:0.0000s ]
SQL: SELECT DISTINCT  `shenhe` FROM `xy_fukuan` WHERE `shenhe` <> ''  [ RunTime:0.0000s ]
SQL: SELECT DISTINCT  `jingban` FROM `xy_fukuan` WHERE `jingban` <> ''  [ RunTime:0.0010s ]
INFO: [ view_parse ] --START--
INFO: [ template_filter ] --START--
INFO: Run Behavior\ContentReplaceBehavior [ RunTime:0.000000s ]
INFO: [ template_filter ] --END-- [ RunTime:0.000000s ]
NOTIC: [8] Undefined index: keys D:\phpstudy\PHPTutorial\WWW\X-CRM3\X-CRM3\App\Runtime\Cache\Home\93395e0dd5f771268add1857604fe680.php 第 8 行.
NOTIC: [8] Undefined index: time1 D:\phpstudy\PHPTutorial\WWW\X-CRM3\X-CRM3\App\Runtime\Cache\Home\93395e0dd5f771268add1857604fe680.php 第 9 行.
NOTIC: [8] Undefined index: time2 D:\phpstudy\PHPTutorial\WWW\X-CRM3\X-CRM3\App\Runtime\Cache\Home\93395e0dd5f771268add1857604fe680.php 第 9 行.
NOTIC: [8] Undefined index: leixing D:\phpstudy\PHPTutorial\WWW\X-CRM3\X-CRM3\App\Runtime\Cache\Home\93395e0dd5f771268add1857604fe680.php 第 9 行.
NOTIC: [8] Undefined index: leixing D:\phpstudy\PHPTutorial\WWW\X-CRM3\X-CRM3\App\Runtime\Cache\Home\93395e0dd5f771268add1857604fe680.php 第 9 行.
NOTIC: [8] Undefined index: leixing D:\phpstudy\PHPTutorial\WWW\X-CRM3\X-CRM3\App\Runtime\Cache\Home\93395e0dd5f771268add1857604fe680.php 第 9 行.
NOTIC: [8] Undefined index: leixing D:\phpstudy\PHPTutorial\WWW\X-CRM3\X-CRM3\App\Runtime\Cache\Home\93395e0dd5f771268add1857604fe680.php 第 9 行.
NOTIC: [8] Undefined index: shenhe D:\phpstudy\PHPTutorial\WWW\X-CRM3\X-CRM3\App\Runtime\Cache\Home\93395e0dd5f771268add1857604fe680.php 第 9 行.
NOTIC: [8] Undefined index: shenhe D:\phpstudy\PHPTutorial\WWW\X-CRM3\X-CRM3\App\Runtime\Cache\Home\93395e0dd5f771268add1857604fe680.php 第 9 行.
NOTIC: [8] Undefined index: jingban D:\phpstudy\PHPTutorial\WWW\X-CRM3\X-CRM3\App\Runtime\Cache\Home\93395e0dd5f771268add1857604fe680.php 第 10 行.
NOTIC: [8] Undefined index: jingban D:\phpstudy\PHPTutorial\WWW\X-CRM3\X-CRM3\App\Runtime\Cache\Home\93395e0dd5f771268add1857604fe680.php 第 10 行.
NOTIC: [8] Undefined index: jingban D:\phpstudy\PHPTutorial\WWW\X-CRM3\X-CRM3\App\Runtime\Cache\Home\93395e0dd5f771268add1857604fe680.php 第 10 行.
NOTIC: [8] Undefined index: jingban D:\phpstudy\PHPTutorial\WWW\X-CRM3\X-CRM3\App\Runtime\Cache\Home\93395e0dd5f771268add1857604fe680.php 第 10 行.
INFO: Run Behavior\ParseTemplateBehavior [ RunTime:0.009000s ]
INFO: [ view_parse ] --END-- [ RunTime:0.009000s ]
INFO: [ view_filter ] --START--
INFO: Run Behavior\WriteHtmlCacheBehavior [ RunTime:0.000000s ]
INFO: [ view_filter ] --END-- [ RunTime:0.000000s ]
INFO: [ app_end ] --START--
INFO: Run Behavior\ShowPageTraceBehavior [ RunTime:0.001000s ]
INFO: [ app_end ] --END-- [ RunTime:0.001000s ]

[ 2019-04-30T17:28:34+08:00 ] 127.0.0.1 /index.php/home/hetong/daoqi?_=1556616514684
INFO: [ app_init ] --START--
INFO: Run Behavior\BuildLiteBehavior [ RunTime:0.000000s ]
INFO: [ app_init ] --END-- [ RunTime:0.000000s ]
INFO: [ app_begin ] --START--
INFO: Run Behavior\ReadHtmlCacheBehavior [ RunTime:0.001000s ]
INFO: [ app_begin ] --END-- [ RunTime:0.001000s ]
SQL: SHOW COLUMNS FROM `xy_hetong` [ RunTime:0.0020s ]
SQL: SELECT * FROM `xy_hetong` WHERE (  `id` <> '0' ) AND ( `jztime` >= '2019-04-23' AND `jztime` <= '2019-05-30'  )  [ RunTime:0.0005s ]
INFO: [ view_parse ] --START--
INFO: [ template_filter ] --START--
INFO: Run Behavior\ContentReplaceBehavior [ RunTime:0.000000s ]
INFO: [ template_filter ] --END-- [ RunTime:0.000000s ]
NOTIC: [8] Undefined variable: numPerPage D:\phpstudy\PHPTutorial\WWW\X-CRM3\X-CRM3\App\Runtime\Cache\Home\599273a6f3c6a014b97b7e5e47104b5a.php 第 4 行.
NOTIC: [8] Undefined index: keys D:\phpstudy\PHPTutorial\WWW\X-CRM3\X-CRM3\App\Runtime\Cache\Home\599273a6f3c6a014b97b7e5e47104b5a.php 第 8 行.
NOTIC: [8] Undefined index: time1 D:\phpstudy\PHPTutorial\WWW\X-CRM3\X-CRM3\App\Runtime\Cache\Home\599273a6f3c6a014b97b7e5e47104b5a.php 第 9 行.
NOTIC: [8] Undefined index: time2 D:\phpstudy\PHPTutorial\WWW\X-CRM3\X-CRM3\App\Runtime\Cache\Home\599273a6f3c6a014b97b7e5e47104b5a.php 第 9 行.
NOTIC: [8] Undefined variable: typelist D:\phpstudy\PHPTutorial\WWW\X-CRM3\X-CRM3\App\Runtime\Cache\Home\599273a6f3c6a014b97b7e5e47104b5a.php 第 9 行.
NOTIC: [8] Undefined variable: jingbanlist D:\phpstudy\PHPTutorial\WWW\X-CRM3\X-CRM3\App\Runtime\Cache\Home\599273a6f3c6a014b97b7e5e47104b5a.php 第 9 行.
NOTIC: [8] Undefined variable: jine D:\phpstudy\PHPTutorial\WWW\X-CRM3\X-CRM3\App\Runtime\Cache\Home\599273a6f3c6a014b97b7e5e47104b5a.php 第 78 行.
NOTIC: [8] Undefined variable: yishou D:\phpstudy\PHPTutorial\WWW\X-CRM3\X-CRM3\App\Runtime\Cache\Home\599273a6f3c6a014b97b7e5e47104b5a.php 第 78 行.
NOTIC: [8] Undefined variable: weishou D:\phpstudy\PHPTutorial\WWW\X-CRM3\X-CRM3\App\Runtime\Cache\Home\599273a6f3c6a014b97b7e5e47104b5a.php 第 78 行.
NOTIC: [8] Undefined variable: kaipiao D:\phpstudy\PHPTutorial\WWW\X-CRM3\X-CRM3\App\Runtime\Cache\Home\599273a6f3c6a014b97b7e5e47104b5a.php 第 78 行.
NOTIC: [8] Undefined variable: yifu D:\phpstudy\PHPTutorial\WWW\X-CRM3\X-CRM3\App\Runtime\Cache\Home\599273a6f3c6a014b97b7e5e47104b5a.php 第 78 行.
NOTIC: [8] Undefined variable: totalCount D:\phpstudy\PHPTutorial\WWW\X-CRM3\X-CRM3\App\Runtime\Cache\Home\599273a6f3c6a014b97b7e5e47104b5a.php 第 80 行.
NOTIC: [8] Undefined variable: numPerPage D:\phpstudy\PHPTutorial\WWW\X-CRM3\X-CRM3\App\Runtime\Cache\Home\599273a6f3c6a014b97b7e5e47104b5a.php 第 80 行.
NOTIC: [8] Undefined variable: totalCount D:\phpstudy\PHPTutorial\WWW\X-CRM3\X-CRM3\App\Runtime\Cache\Home\599273a6f3c6a014b97b7e5e47104b5a.php 第 82 行.
NOTIC: [8] Undefined variable: numPerPage D:\phpstudy\PHPTutorial\WWW\X-CRM3\X-CRM3\App\Runtime\Cache\Home\599273a6f3c6a014b97b7e5e47104b5a.php 第 82 行.
NOTIC: [8] Undefined variable: currentPage D:\phpstudy\PHPTutorial\WWW\X-CRM3\X-CRM3\App\Runtime\Cache\Home\599273a6f3c6a014b97b7e5e47104b5a.php 第 82 行.
INFO: Run Behavior\ParseTemplateBehavior [ RunTime:0.009000s ]
INFO: [ view_parse ] --END-- [ RunTime:0.009000s ]
INFO: [ view_filter ] --START--
INFO: Run Behavior\WriteHtmlCacheBehavior [ RunTime:0.000000s ]
INFO: [ view_filter ] --END-- [ RunTime:0.000000s ]
INFO: [ app_end ] --START--
INFO: Run Behavior\ShowPageTraceBehavior [ RunTime:0.000000s ]
INFO: [ app_end ] --END-- [ RunTime:0.000000s ]

[ 2019-04-30T17:28:35+08:00 ] 127.0.0.1 /index.php/home/huifang/index?_=1556616515266
INFO: [ app_init ] --START--
INFO: Run Behavior\BuildLiteBehavior [ RunTime:0.000000s ]
INFO: [ app_init ] --END-- [ RunTime:0.001000s ]
INFO: [ app_begin ] --START--
INFO: Run Behavior\ReadHtmlCacheBehavior [ RunTime:0.001000s ]
INFO: [ app_begin ] --END-- [ RunTime:0.001000s ]
SQL: SHOW COLUMNS FROM `xy_huifang` [ RunTime:0.0070s ]
NOTIC: [8] Undefined variable: order D:\phpstudy\PHPTutorial\WWW\X-CRM3\X-CRM3\App\Common\Controller\BaseController.class.php 第 141 行.
NOTIC: [8] Undefined variable: sort D:\phpstudy\PHPTutorial\WWW\X-CRM3\X-CRM3\App\Common\Controller\BaseController.class.php 第 151 行.
NOTIC: [8] Undefined variable: pageCurrent D:\phpstudy\PHPTutorial\WWW\X-CRM3\X-CRM3\App\Common\Controller\BaseController.class.php 第 159 行.
SQL: SELECT COUNT(*) AS tp_count FROM `xy_huifang` WHERE (  `id` <> '0' ) LIMIT 1   [ RunTime:0.0010s ]
NOTIC: [8] Undefined variable: numPerPage D:\phpstudy\PHPTutorial\WWW\X-CRM3\X-CRM3\App\Common\Controller\BaseController.class.php 第 192 行.
INFO: [ view_parse ] --START--
INFO: [ template_filter ] --START--
INFO: Run Behavior\ContentReplaceBehavior [ RunTime:0.001000s ]
INFO: [ template_filter ] --END-- [ RunTime:0.001000s ]
NOTIC: [8] Undefined index: keys D:\phpstudy\PHPTutorial\WWW\X-CRM3\X-CRM3\App\Runtime\Cache\Home\008c0c1e1ad7a806c01c36de8455a6b3.php 第 8 行.
NOTIC: [8] Undefined index: time1 D:\phpstudy\PHPTutorial\WWW\X-CRM3\X-CRM3\App\Runtime\Cache\Home\008c0c1e1ad7a806c01c36de8455a6b3.php 第 9 行.
NOTIC: [8] Undefined index: time2 D:\phpstudy\PHPTutorial\WWW\X-CRM3\X-CRM3\App\Runtime\Cache\Home\008c0c1e1ad7a806c01c36de8455a6b3.php 第 9 行.
NOTIC: [8] Undefined variable: list D:\phpstudy\PHPTutorial\WWW\X-CRM3\X-CRM3\App\Runtime\Cache\Home\008c0c1e1ad7a806c01c36de8455a6b3.php 第 41 行.
INFO: Run Behavior\ParseTemplateBehavior [ RunTime:0.007000s ]
INFO: [ view_parse ] --END-- [ RunTime:0.007000s ]
INFO: [ view_filter ] --START--
INFO: Run Behavior\WriteHtmlCacheBehavior [ RunTime:0.000000s ]
INFO: [ view_filter ] --END-- [ RunTime:0.000000s ]
INFO: [ app_end ] --START--
INFO: Run Behavior\ShowPageTraceBehavior [ RunTime:0.000000s ]
INFO: [ app_end ] --END-- [ RunTime:0.000000s ]

[ 2019-04-30T17:28:37+08:00 ] 127.0.0.1 /index.php/home/tousu/index?_=1556616517587
INFO: [ app_init ] --START--
INFO: Run Behavior\BuildLiteBehavior [ RunTime:0.000000s ]
INFO: [ app_init ] --END-- [ RunTime:0.000000s ]
INFO: [ app_begin ] --START--
INFO: Run Behavior\ReadHtmlCacheBehavior [ RunTime:0.001000s ]
INFO: [ app_begin ] --END-- [ RunTime:0.001000s ]
SQL: SHOW COLUMNS FROM `xy_tousu` [ RunTime:0.0070s ]
NOTIC: [8] Undefined variable: order D:\phpstudy\PHPTutorial\WWW\X-CRM3\X-CRM3\App\Common\Controller\BaseController.class.php 第 141 行.
NOTIC: [8] Undefined variable: sort D:\phpstudy\PHPTutorial\WWW\X-CRM3\X-CRM3\App\Common\Controller\BaseController.class.php 第 151 行.
NOTIC: [8] Undefined variable: pageCurrent D:\phpstudy\PHPTutorial\WWW\X-CRM3\X-CRM3\App\Common\Controller\BaseController.class.php 第 159 行.
SQL: SELECT COUNT(*) AS tp_count FROM `xy_tousu` WHERE (  `id` <> '0' ) LIMIT 1   [ RunTime:0.0000s ]
SQL: SELECT * FROM `xy_tousu` WHERE (  `id` <> '0' ) ORDER BY `id` desc LIMIT 0,50   [ RunTime:0.0000s ]
INFO: [ view_parse ] --START--
INFO: [ template_filter ] --START--
INFO: Run Behavior\ContentReplaceBehavior [ RunTime:0.000000s ]
INFO: [ template_filter ] --END-- [ RunTime:0.000000s ]
NOTIC: [8] Undefined index: keys D:\phpstudy\PHPTutorial\WWW\X-CRM3\X-CRM3\App\Runtime\Cache\Home\addec015811a34e3a906b6c6732095eb.php 第 8 行.
NOTIC: [8] Undefined index: time1 D:\phpstudy\PHPTutorial\WWW\X-CRM3\X-CRM3\App\Runtime\Cache\Home\addec015811a34e3a906b6c6732095eb.php 第 9 行.
NOTIC: [8] Undefined index: time2 D:\phpstudy\PHPTutorial\WWW\X-CRM3\X-CRM3\App\Runtime\Cache\Home\addec015811a34e3a906b6c6732095eb.php 第 9 行.
INFO: Run Behavior\ParseTemplateBehavior [ RunTime:0.007000s ]
INFO: [ view_parse ] --END-- [ RunTime:0.007000s ]
INFO: [ view_filter ] --START--
INFO: Run Behavior\WriteHtmlCacheBehavior [ RunTime:0.000000s ]
INFO: [ view_filter ] --END-- [ RunTime:0.000000s ]
INFO: [ app_end ] --START--
INFO: Run Behavior\ShowPageTraceBehavior [ RunTime:0.001000s ]
INFO: [ app_end ] --END-- [ RunTime:0.001000s ]

[ 2019-04-30T17:47:20+08:00 ] 127.0.0.1 /index.php/home/cust/index?_=1556617640630
INFO: [ app_init ] --START--
INFO: Run Behavior\BuildLiteBehavior [ RunTime:0.000000s ]
INFO: [ app_init ] --END-- [ RunTime:0.000000s ]
INFO: [ app_begin ] --START--
INFO: Run Behavior\ReadHtmlCacheBehavior [ RunTime:0.001000s ]
INFO: [ app_begin ] --END-- [ RunTime:0.001000s ]
SQL: SHOW COLUMNS FROM `xy_cust` [ RunTime:0.0070s ]
NOTIC: [8] Undefined variable: order D:\phpstudy\PHPTutorial\WWW\X-CRM3\X-CRM3\App\Common\Controller\BaseController.class.php 第 141 行.
NOTIC: [8] Undefined variable: sort D:\phpstudy\PHPTutorial\WWW\X-CRM3\X-CRM3\App\Common\Controller\BaseController.class.php 第 151 行.
NOTIC: [8] Undefined variable: pageCurrent D:\phpstudy\PHPTutorial\WWW\X-CRM3\X-CRM3\App\Common\Controller\BaseController.class.php 第 159 行.
SQL: SELECT COUNT(*) AS tp_count FROM `xy_cust` WHERE (  `id` <> '0' ) LIMIT 1   [ RunTime:0.0000s ]
SQL: SELECT * FROM `xy_cust` WHERE (  `id` <> '0' ) ORDER BY `id` desc LIMIT 0,50   [ RunTime:0.0000s ]
SQL: SHOW COLUMNS FROM `xy_cust` [ RunTime:0.0050s ]
SQL: SELECT DISTINCT  `xuqiu` FROM `xy_cust` WHERE `xuqiu` <> ''  [ RunTime:0.0040s ]
SQL: SELECT DISTINCT  `laiyuan` FROM `xy_cust` WHERE `laiyuan` <> ''  [ RunTime:0.0000s ]
SQL: SELECT DISTINCT  `jinzhan` FROM `xy_cust` WHERE `jinzhan` <> ''  [ RunTime:0.0000s ]
INFO: [ view_parse ] --START--
INFO: [ template_filter ] --START--
INFO: Run Behavior\ContentReplaceBehavior [ RunTime:0.000000s ]
INFO: [ template_filter ] --END-- [ RunTime:0.000000s ]
NOTIC: [8] Undefined index: keys D:\phpstudy\PHPTutorial\WWW\X-CRM3\X-CRM3\App\Runtime\Cache\Home\5c22d29b0eb55c361b5221fa6fb427f6.php 第 8 行.
NOTIC: [8] Undefined index: time1 D:\phpstudy\PHPTutorial\WWW\X-CRM3\X-CRM3\App\Runtime\Cache\Home\5c22d29b0eb55c361b5221fa6fb427f6.php 第 9 行.
NOTIC: [8] Undefined index: time2 D:\phpstudy\PHPTutorial\WWW\X-CRM3\X-CRM3\App\Runtime\Cache\Home\5c22d29b0eb55c361b5221fa6fb427f6.php 第 9 行.
NOTIC: [8] Undefined index: xuqiu D:\phpstudy\PHPTutorial\WWW\X-CRM3\X-CRM3\App\Runtime\Cache\Home\5c22d29b0eb55c361b5221fa6fb427f6.php 第 9 行.
NOTIC: [8] Undefined index: xuqiu D:\phpstudy\PHPTutorial\WWW\X-CRM3\X-CRM3\App\Runtime\Cache\Home\5c22d29b0eb55c361b5221fa6fb427f6.php 第 9 行.
NOTIC: [8] Undefined index: xuqiu D:\phpstudy\PHPTutorial\WWW\X-CRM3\X-CRM3\App\Runtime\Cache\Home\5c22d29b0eb55c361b5221fa6fb427f6.php 第 9 行.
NOTIC: [8] Undefined index: xuqiu D:\phpstudy\PHPTutorial\WWW\X-CRM3\X-CRM3\App\Runtime\Cache\Home\5c22d29b0eb55c361b5221fa6fb427f6.php 第 9 行.
NOTIC: [8] Undefined index: xuqiu D:\phpstudy\PHPTutorial\WWW\X-CRM3\X-CRM3\App\Runtime\Cache\Home\5c22d29b0eb55c361b5221fa6fb427f6.php 第 9 行.
NOTIC: [8] Undefined index: xuqiu D:\phpstudy\PHPTutorial\WWW\X-CRM3\X-CRM3\App\Runtime\Cache\Home\5c22d29b0eb55c361b5221fa6fb427f6.php 第 9 行.
NOTIC: [8] Undefined index: xuqiu D:\phpstudy\PHPTutorial\WWW\X-CRM3\X-CRM3\App\Runtime\Cache\Home\5c22d29b0eb55c361b5221fa6fb427f6.php 第 9 行.
NOTIC: [8] Undefined index: xuqiu D:\phpstudy\PHPTutorial\WWW\X-CRM3\X-CRM3\App\Runtime\Cache\Home\5c22d29b0eb55c361b5221fa6fb427f6.php 第 9 行.
NOTIC: [8] Undefined index: laiyuan D:\phpstudy\PHPTutorial\WWW\X-CRM3\X-CRM3\App\Runtime\Cache\Home\5c22d29b0eb55c361b5221fa6fb427f6.php 第 9 行.
NOTIC: [8] Undefined index: laiyuan D:\phpstudy\PHPTutorial\WWW\X-CRM3\X-CRM3\App\Runtime\Cache\Home\5c22d29b0eb55c361b5221fa6fb427f6.php 第 9 行.
NOTIC: [8] Undefined index: laiyuan D:\phpstudy\PHPTutorial\WWW\X-CRM3\X-CRM3\App\Runtime\Cache\Home\5c22d29b0eb55c361b5221fa6fb427f6.php 第 9 行.
NOTIC: [8] Undefined index: laiyuan D:\phpstudy\PHPTutorial\WWW\X-CRM3\X-CRM3\App\Runtime\Cache\Home\5c22d29b0eb55c361b5221fa6fb427f6.php 第 9 行.
NOTIC: [8] Undefined index: jinzhan D:\phpstudy\PHPTutorial\WWW\X-CRM3\X-CRM3\App\Runtime\Cache\Home\5c22d29b0eb55c361b5221fa6fb427f6.php 第 9 行.
NOTIC: [8] Undefined index: jinzhan D:\phpstudy\PHPTutorial\WWW\X-CRM3\X-CRM3\App\Runtime\Cache\Home\5c22d29b0eb55c361b5221fa6fb427f6.php 第 9 行.
NOTIC: [8] Undefined index: jinzhan D:\phpstudy\PHPTutorial\WWW\X-CRM3\X-CRM3\App\Runtime\Cache\Home\5c22d29b0eb55c361b5221fa6fb427f6.php 第 9 行.
NOTIC: [8] Undefined index: jinzhan D:\phpstudy\PHPTutorial\WWW\X-CRM3\X-CRM3\App\Runtime\Cache\Home\5c22d29b0eb55c361b5221fa6fb427f6.php 第 9 行.
NOTIC: [8] Undefined index: jinzhan D:\phpstudy\PHPTutorial\WWW\X-CRM3\X-CRM3\App\Runtime\Cache\Home\5c22d29b0eb55c361b5221fa6fb427f6.php 第 9 行.
NOTIC: [8] Undefined index: jinzhan D:\phpstudy\PHPTutorial\WWW\X-CRM3\X-CRM3\App\Runtime\Cache\Home\5c22d29b0eb55c361b5221fa6fb427f6.php 第 9 行.
INFO: Run Behavior\ParseTemplateBehavior [ RunTime:0.010000s ]
INFO: [ view_parse ] --END-- [ RunTime:0.010000s ]
INFO: [ view_filter ] --START--
INFO: Run Behavior\WriteHtmlCacheBehavior [ RunTime:0.001000s ]
INFO: [ view_filter ] --END-- [ RunTime:0.001000s ]
INFO: [ app_end ] --START--
INFO: Run Behavior\ShowPageTraceBehavior [ RunTime:0.000000s ]
INFO: [ app_end ] --END-- [ RunTime:0.000000s ]

[ 2019-04-30T17:47:24+08:00 ] 127.0.0.1 /index.php?s=/Home/Cust/outxls&pageSize=50&pageCurrent=1&keys=&time1=&time2=&xuqiu=&laiyuan=&jinzhan=&orderField=id&orderDirection=desc&total=
INFO: [ app_init ] --START--
INFO: Run Behavior\BuildLiteBehavior [ RunTime:0.000000s ]
INFO: [ app_init ] --END-- [ RunTime:0.001000s ]
INFO: [ app_begin ] --START--
INFO: Run Behavior\ReadHtmlCacheBehavior [ RunTime:0.001000s ]
INFO: [ app_begin ] --END-- [ RunTime:0.001000s ]
SQL: SHOW COLUMNS FROM `xy_cust` [ RunTime:0.0060s ]
SQL: SELECT `id`,`xuqiu`,`title`,`name`,`dianhua`,`dizhi`,`qq`,`email`,`laiyuan`,`jinzhan`,`xiaci`,`aihao`,`juid`,`juname`,`beizhu` FROM `xy_cust` WHERE (  `id` <> '0' )  [ RunTime:0.0000s ]

[ 2019-04-30T18:14:11+08:00 ] 127.0.0.1 /index.php?s=/Home/Cust/outxls&pageSize=50&pageCurrent=1&keys=&time1=&time2=&xuqiu=&laiyuan=&jinzhan=&orderField=id&orderDirection=desc&total=&pageSize=50&pageCurrent=1&keys=&time1=&time2=&xuqiu=&laiyuan=&jinzhan=&orderField=id&orderDirection=desc&total=
INFO: [ app_init ] --START--
INFO: Run Behavior\BuildLiteBehavior [ RunTime:0.000000s ]
INFO: [ app_init ] --END-- [ RunTime:0.000000s ]
INFO: [ app_begin ] --START--
INFO: Run Behavior\ReadHtmlCacheBehavior [ RunTime:0.001000s ]
INFO: [ app_begin ] --END-- [ RunTime:0.001000s ]
SQL: SHOW COLUMNS FROM `xy_cust` [ RunTime:0.0070s ]
SQL: SELECT `id`,`xuqiu`,`title`,`name`,`dianhua`,`dizhi`,`qq`,`email`,`laiyuan`,`jinzhan`,`xiaci`,`aihao`,`juid`,`juname`,`beizhu` FROM `xy_cust` WHERE (  `id` <> '0' )  [ RunTime:0.0000s ]

